{"D:\\VC\\Тестовые задания\\mindmax-test-task\\src\\components\\app\\App.tsx": {"path":"D:\\VC\\Тестовые задания\\mindmax-test-task\\src\\components\\app\\App.tsx","all":false,"statementMap":{"0":{"start":{"line":1,"column":0},"end":{"line":1,"column":33}},"1":{"start":{"line":2,"column":0},"end":{"line":2,"column":38}},"2":{"start":{"line":3,"column":0},"end":{"line":3,"column":45}},"3":{"start":{"line":4,"column":0},"end":{"line":4,"column":57}},"4":{"start":{"line":5,"column":0},"end":{"line":5,"column":45}},"5":{"start":{"line":6,"column":0},"end":{"line":6,"column":0}},"6":{"start":{"line":7,"column":0},"end":{"line":7,"column":20}},"7":{"start":{"line":8,"column":0},"end":{"line":8,"column":12}},"8":{"start":{"line":9,"column":0},"end":{"line":9,"column":18}},"9":{"start":{"line":10,"column":0},"end":{"line":10,"column":20}},"10":{"start":{"line":11,"column":0},"end":{"line":11,"column":2}},"11":{"start":{"line":12,"column":0},"end":{"line":12,"column":0}},"12":{"start":{"line":13,"column":0},"end":{"line":13,"column":32}},"13":{"start":{"line":14,"column":0},"end":{"line":14,"column":0}},"14":{"start":{"line":15,"column":0},"end":{"line":15,"column":19}},"15":{"start":{"line":16,"column":0},"end":{"line":16,"column":47}},"16":{"start":{"line":17,"column":0},"end":{"line":17,"column":77}},"17":{"start":{"line":18,"column":0},"end":{"line":18,"column":0}},"18":{"start":{"line":19,"column":0},"end":{"line":19,"column":42}},"19":{"start":{"line":20,"column":0},"end":{"line":20,"column":71}},"20":{"start":{"line":21,"column":0},"end":{"line":21,"column":3}},"21":{"start":{"line":22,"column":0},"end":{"line":22,"column":0}},"22":{"start":{"line":23,"column":0},"end":{"line":23,"column":47}},"23":{"start":{"line":24,"column":0},"end":{"line":24,"column":52}},"24":{"start":{"line":25,"column":0},"end":{"line":25,"column":50}},"25":{"start":{"line":26,"column":0},"end":{"line":26,"column":14}},"26":{"start":{"line":27,"column":0},"end":{"line":27,"column":4}},"27":{"start":{"line":28,"column":0},"end":{"line":28,"column":0}},"28":{"start":{"line":29,"column":0},"end":{"line":29,"column":9}},"29":{"start":{"line":30,"column":0},"end":{"line":30,"column":4}},"30":{"start":{"line":31,"column":0},"end":{"line":31,"column":45}},"31":{"start":{"line":32,"column":0},"end":{"line":32,"column":35}},"32":{"start":{"line":33,"column":0},"end":{"line":33,"column":16}},"33":{"start":{"line":34,"column":0},"end":{"line":34,"column":41}},"34":{"start":{"line":35,"column":0},"end":{"line":35,"column":19}},"35":{"start":{"line":36,"column":0},"end":{"line":36,"column":57}},"36":{"start":{"line":37,"column":0},"end":{"line":37,"column":25}},"37":{"start":{"line":38,"column":0},"end":{"line":38,"column":5}},"38":{"start":{"line":39,"column":0},"end":{"line":39,"column":57}},"39":{"start":{"line":40,"column":0},"end":{"line":40,"column":5}},"40":{"start":{"line":41,"column":0},"end":{"line":41,"column":3}},"41":{"start":{"line":42,"column":0},"end":{"line":42,"column":2}},"42":{"start":{"line":43,"column":0},"end":{"line":43,"column":0}},"43":{"start":{"line":44,"column":0},"end":{"line":44,"column":19}}},"s":{"0":1,"1":1,"2":1,"3":1,"4":1,"5":1,"6":1,"7":1,"8":1,"9":1,"10":1,"11":1,"12":1,"13":1,"14":1,"15":15,"16":15,"17":15,"18":15,"19":1,"20":15,"21":15,"22":15,"23":18,"24":18,"25":14,"26":15,"27":15,"28":15,"29":15,"30":15,"31":15,"32":15,"33":15,"34":15,"35":15,"36":15,"37":15,"38":15,"39":15,"40":15,"41":15,"42":1,"43":1},"branchMap":{"0":{"type":"branch","line":15,"loc":{"start":{"line":15,"column":12},"end":{"line":42,"column":2}},"locations":[{"start":{"line":15,"column":12},"end":{"line":42,"column":2}}]},"1":{"type":"branch","line":19,"loc":{"start":{"line":19,"column":35},"end":{"line":21,"column":2}},"locations":[{"start":{"line":19,"column":35},"end":{"line":21,"column":2}}]},"2":{"type":"branch","line":20,"loc":{"start":{"line":20,"column":11},"end":{"line":20,"column":35}},"locations":[{"start":{"line":20,"column":11},"end":{"line":20,"column":35}}]},"3":{"type":"branch","line":20,"loc":{"start":{"line":20,"column":43},"end":{"line":20,"column":54}},"locations":[{"start":{"line":20,"column":43},"end":{"line":20,"column":54}}]},"4":{"type":"branch","line":23,"loc":{"start":{"line":23,"column":36},"end":{"line":27,"column":2}},"locations":[{"start":{"line":23,"column":36},"end":{"line":27,"column":2}}]},"5":{"type":"branch","line":24,"loc":{"start":{"line":24,"column":30},"end":{"line":24,"column":52}},"locations":[{"start":{"line":24,"column":30},"end":{"line":24,"column":52}}]},"6":{"type":"branch","line":25,"loc":{"start":{"line":25,"column":-1},"end":{"line":25,"column":34}},"locations":[{"start":{"line":25,"column":-1},"end":{"line":25,"column":34}}]},"7":{"type":"branch","line":25,"loc":{"start":{"line":25,"column":27},"end":{"line":25,"column":50}},"locations":[{"start":{"line":25,"column":27},"end":{"line":25,"column":50}}]},"8":{"type":"branch","line":26,"loc":{"start":{"line":26,"column":-1},"end":{"line":27,"column":2}},"locations":[{"start":{"line":26,"column":-1},"end":{"line":27,"column":2}}]}},"b":{"0":[15],"1":[1],"2":[1],"3":[2],"4":[18],"5":[2],"6":[16],"7":[2],"8":[14]},"fnMap":{"0":{"name":"App","decl":{"start":{"line":15,"column":12},"end":{"line":42,"column":2}},"loc":{"start":{"line":15,"column":12},"end":{"line":42,"column":2}},"line":15},"1":{"name":"handleClearComplitedTasks","decl":{"start":{"line":19,"column":35},"end":{"line":21,"column":2}},"loc":{"start":{"line":19,"column":35},"end":{"line":21,"column":2}},"line":19}},"f":{"0":15,"1":1}}
,"D:\\VC\\Тестовые задания\\mindmax-test-task\\src\\components\\buttons-panel\\ButtonsPanel.tsx": {"path":"D:\\VC\\Тестовые задания\\mindmax-test-task\\src\\components\\buttons-panel\\ButtonsPanel.tsx","all":false,"statementMap":{"0":{"start":{"line":1,"column":0},"end":{"line":1,"column":41}},"1":{"start":{"line":2,"column":0},"end":{"line":2,"column":41}},"2":{"start":{"line":3,"column":0},"end":{"line":3,"column":0}},"3":{"start":{"line":4,"column":0},"end":{"line":4,"column":26}},"4":{"start":{"line":5,"column":0},"end":{"line":5,"column":35}},"5":{"start":{"line":6,"column":0},"end":{"line":6,"column":16}},"6":{"start":{"line":7,"column":0},"end":{"line":7,"column":24}},"7":{"start":{"line":8,"column":0},"end":{"line":8,"column":27}},"8":{"start":{"line":9,"column":0},"end":{"line":9,"column":54}},"9":{"start":{"line":10,"column":0},"end":{"line":10,"column":3}},"10":{"start":{"line":11,"column":0},"end":{"line":11,"column":2}},"11":{"start":{"line":12,"column":0},"end":{"line":12,"column":0}},"12":{"start":{"line":13,"column":0},"end":{"line":13,"column":52}},"13":{"start":{"line":14,"column":0},"end":{"line":14,"column":27}},"14":{"start":{"line":15,"column":0},"end":{"line":15,"column":11}},"15":{"start":{"line":16,"column":0},"end":{"line":16,"column":8}},"16":{"start":{"line":17,"column":0},"end":{"line":17,"column":16}},"17":{"start":{"line":18,"column":0},"end":{"line":18,"column":18}},"18":{"start":{"line":19,"column":0},"end":{"line":19,"column":9}},"19":{"start":{"line":20,"column":0},"end":{"line":20,"column":37}},"20":{"start":{"line":21,"column":0},"end":{"line":21,"column":64}},"21":{"start":{"line":22,"column":0},"end":{"line":22,"column":10}},"22":{"start":{"line":23,"column":0},"end":{"line":23,"column":18}},"23":{"start":{"line":24,"column":0},"end":{"line":24,"column":51}},"24":{"start":{"line":25,"column":0},"end":{"line":25,"column":63}},"25":{"start":{"line":26,"column":0},"end":{"line":26,"column":7}},"26":{"start":{"line":27,"column":0},"end":{"line":27,"column":12}},"27":{"start":{"line":28,"column":0},"end":{"line":28,"column":17}},"28":{"start":{"line":29,"column":0},"end":{"line":29,"column":37}},"29":{"start":{"line":30,"column":0},"end":{"line":30,"column":7}},"30":{"start":{"line":31,"column":0},"end":{"line":31,"column":12}},"31":{"start":{"line":32,"column":0},"end":{"line":32,"column":10}},"32":{"start":{"line":33,"column":0},"end":{"line":33,"column":51}},"33":{"start":{"line":34,"column":0},"end":{"line":34,"column":66}},"34":{"start":{"line":35,"column":0},"end":{"line":35,"column":7}},"35":{"start":{"line":36,"column":0},"end":{"line":36,"column":15}},"36":{"start":{"line":37,"column":0},"end":{"line":37,"column":17}},"37":{"start":{"line":38,"column":0},"end":{"line":38,"column":21}},"38":{"start":{"line":39,"column":0},"end":{"line":39,"column":40}},"39":{"start":{"line":40,"column":0},"end":{"line":40,"column":10}},"40":{"start":{"line":41,"column":0},"end":{"line":41,"column":12}},"41":{"start":{"line":42,"column":0},"end":{"line":42,"column":10}},"42":{"start":{"line":43,"column":0},"end":{"line":43,"column":51}},"43":{"start":{"line":44,"column":0},"end":{"line":44,"column":69}},"44":{"start":{"line":45,"column":0},"end":{"line":45,"column":7}},"45":{"start":{"line":46,"column":0},"end":{"line":46,"column":18}},"46":{"start":{"line":47,"column":0},"end":{"line":47,"column":17}},"47":{"start":{"line":48,"column":0},"end":{"line":48,"column":24}},"48":{"start":{"line":49,"column":0},"end":{"line":49,"column":43}},"49":{"start":{"line":50,"column":0},"end":{"line":50,"column":13}},"50":{"start":{"line":51,"column":0},"end":{"line":51,"column":12}},"51":{"start":{"line":52,"column":0},"end":{"line":52,"column":10}},"52":{"start":{"line":53,"column":0},"end":{"line":53,"column":14}},"53":{"start":{"line":54,"column":0},"end":{"line":54,"column":20}},"54":{"start":{"line":55,"column":0},"end":{"line":55,"column":17}},"55":{"start":{"line":56,"column":0},"end":{"line":56,"column":48}},"56":{"start":{"line":57,"column":0},"end":{"line":57,"column":40}},"57":{"start":{"line":58,"column":0},"end":{"line":58,"column":19}},"58":{"start":{"line":59,"column":0},"end":{"line":59,"column":12}},"59":{"start":{"line":60,"column":0},"end":{"line":60,"column":8}},"60":{"start":{"line":61,"column":0},"end":{"line":61,"column":3}},"61":{"start":{"line":62,"column":0},"end":{"line":62,"column":2}},"62":{"start":{"line":63,"column":0},"end":{"line":63,"column":0}},"63":{"start":{"line":64,"column":0},"end":{"line":64,"column":28}}},"s":{"0":1,"1":1,"2":1,"3":1,"4":1,"5":1,"6":1,"7":1,"8":1,"9":1,"10":1,"11":1,"12":1,"13":22,"14":22,"15":22,"16":22,"17":22,"18":22,"19":22,"20":22,"21":22,"22":22,"23":22,"24":22,"25":22,"26":22,"27":22,"28":22,"29":22,"30":22,"31":22,"32":22,"33":22,"34":22,"35":22,"36":22,"37":22,"38":22,"39":22,"40":22,"41":22,"42":22,"43":22,"44":22,"45":22,"46":22,"47":22,"48":22,"49":22,"50":22,"51":22,"52":22,"53":22,"54":22,"55":22,"56":22,"57":22,"58":22,"59":22,"60":22,"61":22,"62":1,"63":1},"branchMap":{"0":{"type":"branch","line":13,"loc":{"start":{"line":13,"column":50},"end":{"line":62,"column":2}},"locations":[{"start":{"line":13,"column":50},"end":{"line":62,"column":2}}]},"1":{"type":"branch","line":25,"loc":{"start":{"line":25,"column":22},"end":{"line":25,"column":58}},"locations":[{"start":{"line":25,"column":22},"end":{"line":25,"column":58}}]},"2":{"type":"branch","line":25,"loc":{"start":{"line":25,"column":59},"end":{"line":25,"column":63}},"locations":[{"start":{"line":25,"column":59},"end":{"line":25,"column":63}}]},"3":{"type":"branch","line":34,"loc":{"start":{"line":34,"column":25},"end":{"line":34,"column":61}},"locations":[{"start":{"line":34,"column":25},"end":{"line":34,"column":61}}]},"4":{"type":"branch","line":34,"loc":{"start":{"line":34,"column":62},"end":{"line":34,"column":66}},"locations":[{"start":{"line":34,"column":62},"end":{"line":34,"column":66}}]},"5":{"type":"branch","line":44,"loc":{"start":{"line":44,"column":28},"end":{"line":44,"column":64}},"locations":[{"start":{"line":44,"column":28},"end":{"line":44,"column":64}}]},"6":{"type":"branch","line":44,"loc":{"start":{"line":44,"column":65},"end":{"line":44,"column":69}},"locations":[{"start":{"line":44,"column":65},"end":{"line":44,"column":69}}]},"7":{"type":"branch","line":29,"loc":{"start":{"line":29,"column":13},"end":{"line":29,"column":28}},"locations":[{"start":{"line":29,"column":13},"end":{"line":29,"column":28}}]},"8":{"type":"branch","line":39,"loc":{"start":{"line":39,"column":13},"end":{"line":39,"column":28}},"locations":[{"start":{"line":39,"column":13},"end":{"line":39,"column":28}}]},"9":{"type":"branch","line":49,"loc":{"start":{"line":49,"column":13},"end":{"line":49,"column":28}},"locations":[{"start":{"line":49,"column":13},"end":{"line":49,"column":28}}]}},"b":{"0":[22],"1":[19],"2":[3],"3":[2],"4":[20],"5":[1],"6":[21],"7":[2],"8":[2],"9":[2]},"fnMap":{"0":{"name":"ButtonsPanel","decl":{"start":{"line":13,"column":50},"end":{"line":62,"column":2}},"loc":{"start":{"line":13,"column":50},"end":{"line":62,"column":2}},"line":13},"1":{"name":"onClick","decl":{"start":{"line":29,"column":13},"end":{"line":29,"column":28}},"loc":{"start":{"line":29,"column":13},"end":{"line":29,"column":28}},"line":29},"2":{"name":"onClick","decl":{"start":{"line":39,"column":13},"end":{"line":39,"column":28}},"loc":{"start":{"line":39,"column":13},"end":{"line":39,"column":28}},"line":39},"3":{"name":"onClick","decl":{"start":{"line":49,"column":13},"end":{"line":49,"column":28}},"loc":{"start":{"line":49,"column":13},"end":{"line":49,"column":28}},"line":49}},"f":{"0":22,"1":2,"2":2,"3":2}}
,"D:\\VC\\Тестовые задания\\mindmax-test-task\\src\\components\\form-todo\\FormTodo.tsx": {"path":"D:\\VC\\Тестовые задания\\mindmax-test-task\\src\\components\\form-todo\\FormTodo.tsx","all":false,"statementMap":{"0":{"start":{"line":1,"column":0},"end":{"line":1,"column":68}},"1":{"start":{"line":2,"column":0},"end":{"line":2,"column":42}},"2":{"start":{"line":3,"column":0},"end":{"line":3,"column":38}},"3":{"start":{"line":4,"column":0},"end":{"line":4,"column":41}},"4":{"start":{"line":5,"column":0},"end":{"line":5,"column":35}},"5":{"start":{"line":6,"column":0},"end":{"line":6,"column":0}},"6":{"start":{"line":7,"column":0},"end":{"line":7,"column":17}},"7":{"start":{"line":8,"column":0},"end":{"line":8,"column":14}},"8":{"start":{"line":9,"column":0},"end":{"line":9,"column":2}},"9":{"start":{"line":10,"column":0},"end":{"line":10,"column":0}},"10":{"start":{"line":11,"column":0},"end":{"line":11,"column":22}},"11":{"start":{"line":12,"column":0},"end":{"line":12,"column":55}},"12":{"start":{"line":13,"column":0},"end":{"line":13,"column":2}},"13":{"start":{"line":14,"column":0},"end":{"line":14,"column":0}},"14":{"start":{"line":15,"column":0},"end":{"line":15,"column":72}},"15":{"start":{"line":16,"column":0},"end":{"line":16,"column":64}},"16":{"start":{"line":17,"column":0},"end":{"line":17,"column":11}},"17":{"start":{"line":18,"column":0},"end":{"line":18,"column":4}},"18":{"start":{"line":19,"column":0},"end":{"line":19,"column":0}},"19":{"start":{"line":20,"column":0},"end":{"line":20,"column":46}},"20":{"start":{"line":21,"column":0},"end":{"line":21,"column":21}},"21":{"start":{"line":22,"column":0},"end":{"line":22,"column":27}},"22":{"start":{"line":23,"column":0},"end":{"line":23,"column":16}},"23":{"start":{"line":24,"column":0},"end":{"line":24,"column":4}},"24":{"start":{"line":25,"column":0},"end":{"line":25,"column":19}},"25":{"start":{"line":26,"column":0},"end":{"line":26,"column":26}},"26":{"start":{"line":27,"column":0},"end":{"line":27,"column":21}},"27":{"start":{"line":28,"column":0},"end":{"line":28,"column":5}},"28":{"start":{"line":29,"column":0},"end":{"line":29,"column":5}},"29":{"start":{"line":30,"column":0},"end":{"line":30,"column":13}},"30":{"start":{"line":31,"column":0},"end":{"line":31,"column":12}},"31":{"start":{"line":32,"column":0},"end":{"line":32,"column":5}},"32":{"start":{"line":33,"column":0},"end":{"line":33,"column":3}},"33":{"start":{"line":34,"column":0},"end":{"line":34,"column":0}},"34":{"start":{"line":35,"column":0},"end":{"line":35,"column":74}},"35":{"start":{"line":36,"column":0},"end":{"line":36,"column":30}},"36":{"start":{"line":37,"column":0},"end":{"line":37,"column":26}},"37":{"start":{"line":38,"column":0},"end":{"line":38,"column":28}},"38":{"start":{"line":39,"column":0},"end":{"line":39,"column":17}},"39":{"start":{"line":40,"column":0},"end":{"line":40,"column":5}},"40":{"start":{"line":41,"column":0},"end":{"line":41,"column":20}},"41":{"start":{"line":42,"column":0},"end":{"line":42,"column":27}},"42":{"start":{"line":43,"column":0},"end":{"line":43,"column":22}},"43":{"start":{"line":44,"column":0},"end":{"line":44,"column":6}},"44":{"start":{"line":45,"column":0},"end":{"line":45,"column":6}},"45":{"start":{"line":46,"column":0},"end":{"line":46,"column":14}},"46":{"start":{"line":47,"column":0},"end":{"line":47,"column":13}},"47":{"start":{"line":48,"column":0},"end":{"line":48,"column":6}},"48":{"start":{"line":49,"column":0},"end":{"line":49,"column":3}},"49":{"start":{"line":50,"column":0},"end":{"line":50,"column":3}},"50":{"start":{"line":51,"column":0},"end":{"line":51,"column":0}},"51":{"start":{"line":52,"column":0},"end":{"line":52,"column":9}},"52":{"start":{"line":53,"column":0},"end":{"line":53,"column":54}},"53":{"start":{"line":54,"column":0},"end":{"line":54,"column":9}},"54":{"start":{"line":55,"column":0},"end":{"line":55,"column":32}},"55":{"start":{"line":56,"column":0},"end":{"line":56,"column":33}},"56":{"start":{"line":57,"column":0},"end":{"line":57,"column":15}},"57":{"start":{"line":58,"column":0},"end":{"line":58,"column":15}},"58":{"start":{"line":59,"column":0},"end":{"line":59,"column":23}},"59":{"start":{"line":60,"column":0},"end":{"line":60,"column":27}},"60":{"start":{"line":61,"column":0},"end":{"line":61,"column":29}},"61":{"start":{"line":62,"column":0},"end":{"line":62,"column":5}},"62":{"start":{"line":63,"column":0},"end":{"line":63,"column":0}},"63":{"start":{"line":64,"column":0},"end":{"line":64,"column":10}},"64":{"start":{"line":65,"column":0},"end":{"line":65,"column":12}},"65":{"start":{"line":66,"column":0},"end":{"line":66,"column":40}},"66":{"start":{"line":67,"column":0},"end":{"line":67,"column":17}},"67":{"start":{"line":68,"column":0},"end":{"line":68,"column":40}},"68":{"start":{"line":69,"column":0},"end":{"line":69,"column":7}},"69":{"start":{"line":70,"column":0},"end":{"line":70,"column":12}},"70":{"start":{"line":71,"column":0},"end":{"line":71,"column":9}},"71":{"start":{"line":72,"column":0},"end":{"line":72,"column":3}},"72":{"start":{"line":73,"column":0},"end":{"line":73,"column":2}},"73":{"start":{"line":74,"column":0},"end":{"line":74,"column":0}},"74":{"start":{"line":75,"column":0},"end":{"line":75,"column":24}}},"s":{"0":1,"1":1,"2":1,"3":1,"4":1,"5":1,"6":1,"7":1,"8":1,"9":1,"10":1,"11":1,"12":1,"13":1,"14":1,"15":31,"16":31,"17":31,"18":31,"19":31,"20":6,"21":6,"22":6,"23":6,"24":6,"25":6,"26":6,"27":6,"28":6,"29":6,"30":6,"31":6,"32":31,"33":31,"34":31,"35":1,"36":1,"37":1,"38":1,"39":1,"40":1,"41":1,"42":1,"43":1,"44":1,"45":1,"46":1,"47":1,"48":1,"49":31,"50":31,"51":31,"52":31,"53":31,"54":31,"55":31,"56":31,"57":31,"58":31,"59":31,"60":31,"61":31,"62":31,"63":31,"64":31,"65":31,"66":31,"67":31,"68":31,"69":31,"70":31,"71":31,"72":31,"73":1,"74":1},"branchMap":{"0":{"type":"branch","line":15,"loc":{"start":{"line":15,"column":42},"end":{"line":73,"column":2}},"locations":[{"start":{"line":15,"column":42},"end":{"line":73,"column":2}}]},"1":{"type":"branch","line":20,"loc":{"start":{"line":20,"column":22},"end":{"line":33,"column":2}},"locations":[{"start":{"line":20,"column":22},"end":{"line":33,"column":2}}]},"2":{"type":"branch","line":22,"loc":{"start":{"line":22,"column":11},"end":{"line":22,"column":27}},"locations":[{"start":{"line":22,"column":11},"end":{"line":22,"column":27}}]},"3":{"type":"branch","line":35,"loc":{"start":{"line":35,"column":23},"end":{"line":50,"column":2}},"locations":[{"start":{"line":35,"column":23},"end":{"line":50,"column":2}}]},"4":{"type":"branch","line":38,"loc":{"start":{"line":38,"column":12},"end":{"line":38,"column":28}},"locations":[{"start":{"line":38,"column":12},"end":{"line":38,"column":28}}]}},"b":{"0":[31],"1":[6],"2":[6],"3":[1],"4":[1]},"fnMap":{"0":{"name":"FormTodo","decl":{"start":{"line":15,"column":42},"end":{"line":73,"column":2}},"loc":{"start":{"line":15,"column":42},"end":{"line":73,"column":2}},"line":15},"1":{"name":"handleSubmit","decl":{"start":{"line":20,"column":22},"end":{"line":33,"column":2}},"loc":{"start":{"line":20,"column":22},"end":{"line":33,"column":2}},"line":20},"2":{"name":"handleKeyDown","decl":{"start":{"line":35,"column":23},"end":{"line":50,"column":2}},"loc":{"start":{"line":35,"column":23},"end":{"line":50,"column":2}},"line":35}},"f":{"0":31,"1":6,"2":1}}
,"D:\\VC\\Тестовые задания\\mindmax-test-task\\src\\components\\item-todo\\ItemTodo.tsx": {"path":"D:\\VC\\Тестовые задания\\mindmax-test-task\\src\\components\\item-todo\\ItemTodo.tsx","all":false,"statementMap":{"0":{"start":{"line":1,"column":0},"end":{"line":1,"column":41}},"1":{"start":{"line":2,"column":0},"end":{"line":2,"column":34}},"2":{"start":{"line":3,"column":0},"end":{"line":3,"column":38}},"3":{"start":{"line":4,"column":0},"end":{"line":4,"column":38}},"4":{"start":{"line":5,"column":0},"end":{"line":5,"column":0}},"5":{"start":{"line":6,"column":0},"end":{"line":6,"column":22}},"6":{"start":{"line":7,"column":0},"end":{"line":7,"column":12}},"7":{"start":{"line":8,"column":0},"end":{"line":8,"column":30}},"8":{"start":{"line":9,"column":0},"end":{"line":9,"column":2}},"9":{"start":{"line":10,"column":0},"end":{"line":10,"column":0}},"10":{"start":{"line":11,"column":0},"end":{"line":11,"column":80}},"11":{"start":{"line":12,"column":0},"end":{"line":12,"column":9}},"12":{"start":{"line":13,"column":0},"end":{"line":13,"column":34}},"13":{"start":{"line":14,"column":0},"end":{"line":14,"column":34}},"14":{"start":{"line":15,"column":0},"end":{"line":15,"column":34}},"15":{"start":{"line":16,"column":0},"end":{"line":16,"column":11}},"16":{"start":{"line":17,"column":0},"end":{"line":17,"column":30}},"17":{"start":{"line":18,"column":0},"end":{"line":18,"column":21}},"18":{"start":{"line":19,"column":0},"end":{"line":19,"column":21}},"19":{"start":{"line":20,"column":0},"end":{"line":20,"column":57}},"20":{"start":{"line":21,"column":0},"end":{"line":21,"column":42}},"21":{"start":{"line":22,"column":0},"end":{"line":22,"column":7}},"22":{"start":{"line":23,"column":0},"end":{"line":23,"column":52}},"23":{"start":{"line":24,"column":0},"end":{"line":24,"column":12}},"24":{"start":{"line":25,"column":0},"end":{"line":25,"column":50}},"25":{"start":{"line":26,"column":0},"end":{"line":26,"column":20}},"26":{"start":{"line":27,"column":0},"end":{"line":27,"column":12}},"27":{"start":{"line":28,"column":0},"end":{"line":28,"column":13}},"28":{"start":{"line":29,"column":0},"end":{"line":29,"column":7}},"29":{"start":{"line":30,"column":0},"end":{"line":30,"column":3}},"30":{"start":{"line":31,"column":0},"end":{"line":31,"column":2}},"31":{"start":{"line":32,"column":0},"end":{"line":32,"column":0}},"32":{"start":{"line":33,"column":0},"end":{"line":33,"column":24}}},"s":{"0":1,"1":1,"2":1,"3":1,"4":1,"5":1,"6":1,"7":1,"8":1,"9":1,"10":1,"11":22,"12":22,"13":22,"14":22,"15":22,"16":22,"17":22,"18":22,"19":22,"20":22,"21":22,"22":22,"23":22,"24":22,"25":22,"26":22,"27":22,"28":22,"29":22,"30":22,"31":1,"32":1},"branchMap":{"0":{"type":"branch","line":11,"loc":{"start":{"line":11,"column":42},"end":{"line":31,"column":2}},"locations":[{"start":{"line":11,"column":42},"end":{"line":31,"column":2}}]},"1":{"type":"branch","line":21,"loc":{"start":{"line":21,"column":16},"end":{"line":21,"column":32}},"locations":[{"start":{"line":21,"column":16},"end":{"line":21,"column":32}}]}},"b":{"0":[22],"1":[5]},"fnMap":{"0":{"name":"ItemTodo","decl":{"start":{"line":11,"column":42},"end":{"line":31,"column":2}},"loc":{"start":{"line":11,"column":42},"end":{"line":31,"column":2}},"line":11},"1":{"name":"onChange","decl":{"start":{"line":21,"column":16},"end":{"line":21,"column":32}},"loc":{"start":{"line":21,"column":16},"end":{"line":21,"column":32}},"line":21}},"f":{"0":22,"1":5}}
,"D:\\VC\\Тестовые задания\\mindmax-test-task\\src\\components\\list-todo\\ListTodo.tsx": {"path":"D:\\VC\\Тестовые задания\\mindmax-test-task\\src\\components\\list-todo\\ListTodo.tsx","all":false,"statementMap":{"0":{"start":{"line":1,"column":0},"end":{"line":1,"column":26}},"1":{"start":{"line":2,"column":0},"end":{"line":2,"column":35}},"2":{"start":{"line":3,"column":0},"end":{"line":3,"column":45}},"3":{"start":{"line":4,"column":0},"end":{"line":4,"column":0}},"4":{"start":{"line":5,"column":0},"end":{"line":5,"column":22}},"5":{"start":{"line":6,"column":0},"end":{"line":6,"column":14}},"6":{"start":{"line":7,"column":0},"end":{"line":7,"column":55}},"7":{"start":{"line":8,"column":0},"end":{"line":8,"column":2}},"8":{"start":{"line":9,"column":0},"end":{"line":9,"column":0}},"9":{"start":{"line":10,"column":0},"end":{"line":10,"column":68}},"10":{"start":{"line":11,"column":0},"end":{"line":11,"column":37}},"11":{"start":{"line":12,"column":0},"end":{"line":12,"column":20}},"12":{"start":{"line":13,"column":0},"end":{"line":13,"column":21}},"13":{"start":{"line":14,"column":0},"end":{"line":14,"column":67}},"14":{"start":{"line":15,"column":0},"end":{"line":15,"column":4}},"15":{"start":{"line":16,"column":0},"end":{"line":16,"column":4}},"16":{"start":{"line":17,"column":0},"end":{"line":17,"column":3}},"17":{"start":{"line":18,"column":0},"end":{"line":18,"column":0}},"18":{"start":{"line":19,"column":0},"end":{"line":19,"column":9}},"19":{"start":{"line":20,"column":0},"end":{"line":20,"column":29}},"20":{"start":{"line":21,"column":0},"end":{"line":21,"column":25}},"21":{"start":{"line":22,"column":0},"end":{"line":22,"column":66}},"22":{"start":{"line":23,"column":0},"end":{"line":23,"column":6}},"23":{"start":{"line":24,"column":0},"end":{"line":24,"column":7}},"24":{"start":{"line":25,"column":0},"end":{"line":25,"column":3}},"25":{"start":{"line":26,"column":0},"end":{"line":26,"column":2}},"26":{"start":{"line":27,"column":0},"end":{"line":27,"column":0}},"27":{"start":{"line":28,"column":0},"end":{"line":28,"column":24}}},"s":{"0":1,"1":1,"2":1,"3":1,"4":1,"5":1,"6":1,"7":1,"8":1,"9":1,"10":16,"11":2,"12":2,"13":2,"14":2,"15":2,"16":16,"17":16,"18":16,"19":16,"20":16,"21":16,"22":16,"23":16,"24":16,"25":16,"26":1,"27":1},"branchMap":{"0":{"type":"branch","line":10,"loc":{"start":{"line":10,"column":42},"end":{"line":26,"column":2}},"locations":[{"start":{"line":10,"column":42},"end":{"line":26,"column":2}}]},"1":{"type":"branch","line":11,"loc":{"start":{"line":11,"column":20},"end":{"line":17,"column":2}},"locations":[{"start":{"line":11,"column":20},"end":{"line":17,"column":2}}]},"2":{"type":"branch","line":12,"loc":{"start":{"line":12,"column":11},"end":{"line":13,"column":7}},"locations":[{"start":{"line":12,"column":11},"end":{"line":13,"column":7}}]},"3":{"type":"branch","line":13,"loc":{"start":{"line":13,"column":12},"end":{"line":14,"column":8}},"locations":[{"start":{"line":13,"column":12},"end":{"line":14,"column":8}}]},"4":{"type":"branch","line":14,"loc":{"start":{"line":14,"column":19},"end":{"line":14,"column":61}},"locations":[{"start":{"line":14,"column":19},"end":{"line":14,"column":61}}]},"5":{"type":"branch","line":14,"loc":{"start":{"line":14,"column":61},"end":{"line":14,"column":67}},"locations":[{"start":{"line":14,"column":61},"end":{"line":14,"column":67}}]},"6":{"type":"branch","line":21,"loc":{"start":{"line":21,"column":14},"end":{"line":21,"column":25}},"locations":[{"start":{"line":21,"column":14},"end":{"line":21,"column":25}}]}},"b":{"0":[16],"1":[2],"2":[2],"3":[4],"4":[2],"5":[2],"6":[18]},"fnMap":{"0":{"name":"ListTodo","decl":{"start":{"line":10,"column":42},"end":{"line":26,"column":2}},"loc":{"start":{"line":10,"column":42},"end":{"line":26,"column":2}},"line":10},"1":{"name":"toggleTask","decl":{"start":{"line":11,"column":20},"end":{"line":17,"column":2}},"loc":{"start":{"line":11,"column":20},"end":{"line":17,"column":2}},"line":11}},"f":{"0":16,"1":2}}
,"D:\\VC\\Тестовые задания\\mindmax-test-task\\src\\components\\ui\\button\\Button.tsx": {"path":"D:\\VC\\Тестовые задания\\mindmax-test-task\\src\\components\\ui\\button\\Button.tsx","all":false,"statementMap":{"0":{"start":{"line":1,"column":0},"end":{"line":1,"column":76}},"1":{"start":{"line":2,"column":0},"end":{"line":2,"column":0}},"2":{"start":{"line":3,"column":0},"end":{"line":3,"column":20}},"3":{"start":{"line":4,"column":0},"end":{"line":4,"column":20}},"4":{"start":{"line":5,"column":0},"end":{"line":5,"column":17}},"5":{"start":{"line":6,"column":0},"end":{"line":6,"column":12}},"6":{"start":{"line":7,"column":0},"end":{"line":7,"column":27}},"7":{"start":{"line":8,"column":0},"end":{"line":8,"column":20}},"8":{"start":{"line":9,"column":0},"end":{"line":9,"column":35}},"9":{"start":{"line":10,"column":0},"end":{"line":10,"column":2}},"10":{"start":{"line":11,"column":0},"end":{"line":11,"column":0}},"11":{"start":{"line":12,"column":0},"end":{"line":12,"column":59}},"12":{"start":{"line":13,"column":0},"end":{"line":13,"column":11}},"13":{"start":{"line":14,"column":0},"end":{"line":14,"column":8}},"14":{"start":{"line":15,"column":0},"end":{"line":15,"column":4}},"15":{"start":{"line":16,"column":0},"end":{"line":16,"column":6}},"16":{"start":{"line":17,"column":0},"end":{"line":17,"column":9}},"17":{"start":{"line":18,"column":0},"end":{"line":18,"column":10}},"18":{"start":{"line":19,"column":0},"end":{"line":19,"column":10}},"19":{"start":{"line":20,"column":0},"end":{"line":20,"column":18}},"20":{"start":{"line":21,"column":0},"end":{"line":21,"column":8}},"21":{"start":{"line":22,"column":0},"end":{"line":22,"column":9}},"22":{"start":{"line":23,"column":0},"end":{"line":23,"column":22}},"23":{"start":{"line":24,"column":0},"end":{"line":24,"column":29}},"24":{"start":{"line":25,"column":0},"end":{"line":25,"column":13}},"25":{"start":{"line":26,"column":0},"end":{"line":26,"column":19}},"26":{"start":{"line":27,"column":0},"end":{"line":27,"column":22}},"27":{"start":{"line":28,"column":0},"end":{"line":28,"column":12}},"28":{"start":{"line":29,"column":0},"end":{"line":29,"column":10}},"29":{"start":{"line":30,"column":0},"end":{"line":30,"column":2}},"30":{"start":{"line":31,"column":0},"end":{"line":31,"column":0}},"31":{"start":{"line":32,"column":0},"end":{"line":32,"column":22}}},"s":{"0":1,"1":1,"2":1,"3":1,"4":1,"5":1,"6":1,"7":1,"8":1,"9":1,"10":1,"11":1,"12":119,"13":119,"14":119,"15":119,"16":119,"17":119,"18":119,"19":119,"20":119,"21":119,"22":119,"23":119,"24":119,"25":119,"26":119,"27":119,"28":119,"29":119,"30":1,"31":1},"branchMap":{"0":{"type":"branch","line":12,"loc":{"start":{"line":12,"column":57},"end":{"line":30,"column":2}},"locations":[{"start":{"line":12,"column":57},"end":{"line":30,"column":2}}]},"1":{"type":"branch","line":24,"loc":{"start":{"line":24,"column":22},"end":{"line":24,"column":28}},"locations":[{"start":{"line":24,"column":22},"end":{"line":24,"column":28}}]}},"b":{"0":[119],"1":[0]},"fnMap":{"0":{"name":"Button","decl":{"start":{"line":12,"column":57},"end":{"line":30,"column":2}},"loc":{"start":{"line":12,"column":57},"end":{"line":30,"column":2}},"line":12}},"f":{"0":119}}
,"D:\\VC\\Тестовые задания\\mindmax-test-task\\src\\components\\ui\\input\\Input.tsx": {"path":"D:\\VC\\Тестовые задания\\mindmax-test-task\\src\\components\\ui\\input\\Input.tsx","all":false,"statementMap":{"0":{"start":{"line":1,"column":0},"end":{"line":1,"column":41}},"1":{"start":{"line":2,"column":0},"end":{"line":2,"column":0}},"2":{"start":{"line":3,"column":0},"end":{"line":3,"column":19}},"3":{"start":{"line":4,"column":0},"end":{"line":4,"column":27}},"4":{"start":{"line":5,"column":0},"end":{"line":5,"column":14}},"5":{"start":{"line":6,"column":0},"end":{"line":6,"column":20}},"6":{"start":{"line":7,"column":0},"end":{"line":7,"column":22}},"7":{"start":{"line":8,"column":0},"end":{"line":8,"column":16}},"8":{"start":{"line":9,"column":0},"end":{"line":9,"column":19}},"9":{"start":{"line":10,"column":0},"end":{"line":10,"column":64}},"10":{"start":{"line":11,"column":0},"end":{"line":11,"column":68}},"11":{"start":{"line":12,"column":0},"end":{"line":12,"column":2}},"12":{"start":{"line":13,"column":0},"end":{"line":13,"column":0}},"13":{"start":{"line":14,"column":0},"end":{"line":14,"column":38}},"14":{"start":{"line":15,"column":0},"end":{"line":15,"column":6}},"15":{"start":{"line":16,"column":0},"end":{"line":16,"column":6}},"16":{"start":{"line":17,"column":0},"end":{"line":17,"column":11}},"17":{"start":{"line":18,"column":0},"end":{"line":18,"column":13}},"18":{"start":{"line":19,"column":0},"end":{"line":19,"column":7}},"19":{"start":{"line":20,"column":0},"end":{"line":20,"column":9}},"20":{"start":{"line":21,"column":0},"end":{"line":21,"column":10}},"21":{"start":{"line":22,"column":0},"end":{"line":22,"column":10}},"22":{"start":{"line":23,"column":0},"end":{"line":23,"column":18}},"23":{"start":{"line":24,"column":0},"end":{"line":24,"column":7}},"24":{"start":{"line":25,"column":0},"end":{"line":25,"column":29}},"25":{"start":{"line":26,"column":0},"end":{"line":26,"column":33}},"26":{"start":{"line":27,"column":0},"end":{"line":27,"column":13}},"27":{"start":{"line":28,"column":0},"end":{"line":28,"column":13}},"28":{"start":{"line":29,"column":0},"end":{"line":29,"column":21}},"29":{"start":{"line":30,"column":0},"end":{"line":30,"column":28}},"30":{"start":{"line":31,"column":0},"end":{"line":31,"column":21}},"31":{"start":{"line":32,"column":0},"end":{"line":32,"column":23}},"32":{"start":{"line":33,"column":0},"end":{"line":33,"column":3}},"33":{"start":{"line":34,"column":0},"end":{"line":34,"column":2}},"34":{"start":{"line":35,"column":0},"end":{"line":35,"column":0}},"35":{"start":{"line":36,"column":0},"end":{"line":36,"column":21}}},"s":{"0":1,"1":1,"2":1,"3":1,"4":1,"5":1,"6":1,"7":1,"8":1,"9":1,"10":1,"11":1,"12":1,"13":1,"14":53,"15":53,"16":53,"17":53,"18":53,"19":53,"20":53,"21":53,"22":53,"23":53,"24":53,"25":53,"26":53,"27":53,"28":53,"29":53,"30":53,"31":53,"32":53,"33":53,"34":1,"35":1},"branchMap":{"0":{"type":"branch","line":14,"loc":{"start":{"line":14,"column":36},"end":{"line":34,"column":2}},"locations":[{"start":{"line":14,"column":36},"end":{"line":34,"column":2}}]},"1":{"type":"branch","line":25,"loc":{"start":{"line":25,"column":22},"end":{"line":25,"column":28}},"locations":[{"start":{"line":25,"column":22},"end":{"line":25,"column":28}}]},"2":{"type":"branch","line":26,"loc":{"start":{"line":26,"column":26},"end":{"line":26,"column":25}},"locations":[{"start":{"line":26,"column":26},"end":{"line":26,"column":25}}]},"3":{"type":"branch","line":26,"loc":{"start":{"line":26,"column":26},"end":{"line":26,"column":32}},"locations":[{"start":{"line":26,"column":26},"end":{"line":26,"column":32}}]},"4":{"type":"branch","line":29,"loc":{"start":{"line":29,"column":14},"end":{"line":29,"column":13}},"locations":[{"start":{"line":29,"column":14},"end":{"line":29,"column":13}}]},"5":{"type":"branch","line":29,"loc":{"start":{"line":29,"column":14},"end":{"line":29,"column":20}},"locations":[{"start":{"line":29,"column":14},"end":{"line":29,"column":20}}]},"6":{"type":"branch","line":30,"loc":{"start":{"line":30,"column":18},"end":{"line":30,"column":17}},"locations":[{"start":{"line":30,"column":18},"end":{"line":30,"column":17}}]},"7":{"type":"branch","line":30,"loc":{"start":{"line":30,"column":18},"end":{"line":30,"column":27}},"locations":[{"start":{"line":30,"column":18},"end":{"line":30,"column":27}}]}},"b":{"0":[53],"1":[0],"2":[31],"3":[22],"4":[31],"5":[22],"6":[22],"7":[31]},"fnMap":{"0":{"name":"Input","decl":{"start":{"line":14,"column":36},"end":{"line":34,"column":2}},"loc":{"start":{"line":14,"column":36},"end":{"line":34,"column":2}},"line":14}},"f":{"0":53}}
,"D:\\VC\\Тестовые задания\\mindmax-test-task\\src\\components\\ui\\title\\Title.tsx": {"path":"D:\\VC\\Тестовые задания\\mindmax-test-task\\src\\components\\ui\\title\\Title.tsx","all":false,"statementMap":{"0":{"start":{"line":1,"column":0},"end":{"line":1,"column":41}},"1":{"start":{"line":2,"column":0},"end":{"line":2,"column":0}},"2":{"start":{"line":3,"column":0},"end":{"line":3,"column":19}},"3":{"start":{"line":4,"column":0},"end":{"line":4,"column":21}},"4":{"start":{"line":5,"column":0},"end":{"line":5,"column":31}},"5":{"start":{"line":6,"column":0},"end":{"line":6,"column":20}},"6":{"start":{"line":7,"column":0},"end":{"line":7,"column":2}},"7":{"start":{"line":8,"column":0},"end":{"line":8,"column":0}},"8":{"start":{"line":9,"column":0},"end":{"line":9,"column":38}},"9":{"start":{"line":10,"column":0},"end":{"line":10,"column":10}},"10":{"start":{"line":11,"column":0},"end":{"line":11,"column":11}},"11":{"start":{"line":12,"column":0},"end":{"line":12,"column":16}},"12":{"start":{"line":13,"column":0},"end":{"line":13,"column":18}},"13":{"start":{"line":14,"column":0},"end":{"line":14,"column":56}},"14":{"start":{"line":15,"column":0},"end":{"line":15,"column":0}},"15":{"start":{"line":16,"column":0},"end":{"line":16,"column":52}},"16":{"start":{"line":17,"column":0},"end":{"line":17,"column":2}},"17":{"start":{"line":18,"column":0},"end":{"line":18,"column":0}},"18":{"start":{"line":19,"column":0},"end":{"line":19,"column":21}}},"s":{"0":1,"1":1,"2":1,"3":1,"4":1,"5":1,"6":1,"7":1,"8":1,"9":37,"10":37,"11":37,"12":37,"13":37,"14":37,"15":37,"16":37,"17":1,"18":1},"branchMap":{"0":{"type":"branch","line":9,"loc":{"start":{"line":9,"column":36},"end":{"line":17,"column":2}},"locations":[{"start":{"line":9,"column":36},"end":{"line":17,"column":2}}]},"1":{"type":"branch","line":11,"loc":{"start":{"line":11,"column":6},"end":{"line":11,"column":10}},"locations":[{"start":{"line":11,"column":6},"end":{"line":11,"column":10}}]},"2":{"type":"branch","line":11,"loc":{"start":{"line":11,"column":10},"end":{"line":11,"column":11}},"locations":[{"start":{"line":11,"column":10},"end":{"line":11,"column":11}}]},"3":{"type":"branch","line":12,"loc":{"start":{"line":12,"column":10},"end":{"line":12,"column":15}},"locations":[{"start":{"line":12,"column":10},"end":{"line":12,"column":15}}]}},"b":{"0":[37],"1":[15],"2":[22],"3":[0]},"fnMap":{"0":{"name":"Title","decl":{"start":{"line":9,"column":36},"end":{"line":17,"column":2}},"loc":{"start":{"line":9,"column":36},"end":{"line":17,"column":2}},"line":9}},"f":{"0":37}}
,"D:\\VC\\Тестовые задания\\mindmax-test-task\\src\\hooks\\useForm.ts": {"path":"D:\\VC\\Тестовые задания\\mindmax-test-task\\src\\hooks\\useForm.ts","all":false,"statementMap":{"0":{"start":{"line":1,"column":0},"end":{"line":1,"column":46}},"1":{"start":{"line":2,"column":0},"end":{"line":2,"column":0}},"2":{"start":{"line":3,"column":0},"end":{"line":3,"column":37}},"3":{"start":{"line":4,"column":0},"end":{"line":4,"column":51}},"4":{"start":{"line":5,"column":0},"end":{"line":5,"column":0}},"5":{"start":{"line":6,"column":0},"end":{"line":6,"column":65}},"6":{"start":{"line":7,"column":0},"end":{"line":7,"column":39}},"7":{"start":{"line":8,"column":0},"end":{"line":8,"column":42}},"8":{"start":{"line":9,"column":0},"end":{"line":9,"column":3}},"9":{"start":{"line":10,"column":0},"end":{"line":10,"column":44}},"10":{"start":{"line":11,"column":0},"end":{"line":11,"column":1}},"11":{"start":{"line":12,"column":0},"end":{"line":12,"column":0}},"12":{"start":{"line":13,"column":0},"end":{"line":13,"column":23}}},"s":{"0":1,"1":1,"2":35,"3":35,"4":35,"5":35,"6":11,"7":11,"8":35,"9":35,"10":35,"11":1,"12":1},"branchMap":{"0":{"type":"branch","line":3,"loc":{"start":{"line":3,"column":0},"end":{"line":11,"column":1}},"locations":[{"start":{"line":3,"column":0},"end":{"line":11,"column":1}}]},"1":{"type":"branch","line":6,"loc":{"start":{"line":6,"column":22},"end":{"line":9,"column":2}},"locations":[{"start":{"line":6,"column":22},"end":{"line":9,"column":2}}]}},"b":{"0":[35],"1":[11]},"fnMap":{"0":{"name":"useForm","decl":{"start":{"line":3,"column":0},"end":{"line":11,"column":1}},"loc":{"start":{"line":3,"column":0},"end":{"line":11,"column":1}},"line":3},"1":{"name":"handleChange","decl":{"start":{"line":6,"column":22},"end":{"line":9,"column":2}},"loc":{"start":{"line":6,"column":22},"end":{"line":9,"column":2}},"line":6}},"f":{"0":35,"1":11}}
}
