{"D:\\VC\\Тестовые задания\\mindmax-test-task\\src\\components\\app\\App.tsx": {"path":"D:\\VC\\Тестовые задания\\mindmax-test-task\\src\\components\\app\\App.tsx","all":false,"statementMap":{"0":{"start":{"line":1,"column":0},"end":{"line":1,"column":33}},"1":{"start":{"line":2,"column":0},"end":{"line":2,"column":38}},"2":{"start":{"line":3,"column":0},"end":{"line":3,"column":45}},"3":{"start":{"line":4,"column":0},"end":{"line":4,"column":57}},"4":{"start":{"line":5,"column":0},"end":{"line":5,"column":45}},"5":{"start":{"line":6,"column":0},"end":{"line":6,"column":0}},"6":{"start":{"line":7,"column":0},"end":{"line":7,"column":20}},"7":{"start":{"line":8,"column":0},"end":{"line":8,"column":12}},"8":{"start":{"line":9,"column":0},"end":{"line":9,"column":18}},"9":{"start":{"line":10,"column":0},"end":{"line":10,"column":20}},"10":{"start":{"line":11,"column":0},"end":{"line":11,"column":1}},"11":{"start":{"line":12,"column":0},"end":{"line":12,"column":0}},"12":{"start":{"line":13,"column":0},"end":{"line":13,"column":32}},"13":{"start":{"line":14,"column":0},"end":{"line":14,"column":0}},"14":{"start":{"line":15,"column":0},"end":{"line":15,"column":19}},"15":{"start":{"line":16,"column":0},"end":{"line":16,"column":47}},"16":{"start":{"line":17,"column":0},"end":{"line":17,"column":77}},"17":{"start":{"line":18,"column":0},"end":{"line":18,"column":0}},"18":{"start":{"line":19,"column":0},"end":{"line":19,"column":42}},"19":{"start":{"line":20,"column":0},"end":{"line":20,"column":71}},"20":{"start":{"line":21,"column":0},"end":{"line":21,"column":2}},"21":{"start":{"line":22,"column":0},"end":{"line":22,"column":0}},"22":{"start":{"line":23,"column":0},"end":{"line":23,"column":47}},"23":{"start":{"line":24,"column":0},"end":{"line":24,"column":54}},"24":{"start":{"line":25,"column":0},"end":{"line":25,"column":52}},"25":{"start":{"line":26,"column":0},"end":{"line":26,"column":16}},"26":{"start":{"line":27,"column":0},"end":{"line":27,"column":5}},"27":{"start":{"line":28,"column":0},"end":{"line":28,"column":1}},"28":{"start":{"line":29,"column":0},"end":{"line":29,"column":9}},"29":{"start":{"line":30,"column":0},"end":{"line":30,"column":4}},"30":{"start":{"line":31,"column":0},"end":{"line":31,"column":33}},"31":{"start":{"line":32,"column":0},"end":{"line":32,"column":8}},"32":{"start":{"line":33,"column":0},"end":{"line":33,"column":11}},"33":{"start":{"line":34,"column":0},"end":{"line":34,"column":35}},"34":{"start":{"line":35,"column":0},"end":{"line":35,"column":148}},"35":{"start":{"line":36,"column":0},"end":{"line":36,"column":57}},"36":{"start":{"line":37,"column":0},"end":{"line":37,"column":5}},"37":{"start":{"line":38,"column":0},"end":{"line":38,"column":3}},"38":{"start":{"line":39,"column":0},"end":{"line":39,"column":2}},"39":{"start":{"line":40,"column":0},"end":{"line":40,"column":0}},"40":{"start":{"line":41,"column":0},"end":{"line":41,"column":19}}},"s":{"0":1,"1":1,"2":1,"3":1,"4":1,"5":1,"6":1,"7":1,"8":1,"9":1,"10":1,"11":1,"12":1,"13":1,"14":1,"15":16,"16":16,"17":16,"18":16,"19":1,"20":1,"21":16,"22":16,"23":18,"24":18,"25":14,"26":16,"27":16,"28":16,"29":16,"30":16,"31":16,"32":16,"33":16,"34":16,"35":16,"36":16,"37":16,"38":16,"39":1,"40":1},"branchMap":{"0":{"type":"branch","line":15,"loc":{"start":{"line":15,"column":12},"end":{"line":39,"column":2}},"locations":[{"start":{"line":15,"column":12},"end":{"line":39,"column":2}}]},"1":{"type":"branch","line":19,"loc":{"start":{"line":19,"column":35},"end":{"line":21,"column":2}},"locations":[{"start":{"line":19,"column":35},"end":{"line":21,"column":2}}]},"2":{"type":"branch","line":20,"loc":{"start":{"line":20,"column":11},"end":{"line":20,"column":35}},"locations":[{"start":{"line":20,"column":11},"end":{"line":20,"column":35}}]},"3":{"type":"branch","line":20,"loc":{"start":{"line":20,"column":43},"end":{"line":20,"column":54}},"locations":[{"start":{"line":20,"column":43},"end":{"line":20,"column":54}}]},"4":{"type":"branch","line":23,"loc":{"start":{"line":23,"column":36},"end":{"line":27,"column":3}},"locations":[{"start":{"line":23,"column":36},"end":{"line":27,"column":3}}]},"5":{"type":"branch","line":24,"loc":{"start":{"line":24,"column":32},"end":{"line":24,"column":54}},"locations":[{"start":{"line":24,"column":32},"end":{"line":24,"column":54}}]},"6":{"type":"branch","line":25,"loc":{"start":{"line":25,"column":-1},"end":{"line":25,"column":36}},"locations":[{"start":{"line":25,"column":-1},"end":{"line":25,"column":36}}]},"7":{"type":"branch","line":25,"loc":{"start":{"line":25,"column":29},"end":{"line":25,"column":52}},"locations":[{"start":{"line":25,"column":29},"end":{"line":25,"column":52}}]},"8":{"type":"branch","line":26,"loc":{"start":{"line":26,"column":-1},"end":{"line":27,"column":3}},"locations":[{"start":{"line":26,"column":-1},"end":{"line":27,"column":3}}]}},"b":{"0":[16],"1":[1],"2":[1],"3":[2],"4":[18],"5":[2],"6":[16],"7":[2],"8":[14]},"fnMap":{"0":{"name":"App","decl":{"start":{"line":15,"column":12},"end":{"line":39,"column":2}},"loc":{"start":{"line":15,"column":12},"end":{"line":39,"column":2}},"line":15},"1":{"name":"handleClearComplitedTasks","decl":{"start":{"line":19,"column":35},"end":{"line":21,"column":2}},"loc":{"start":{"line":19,"column":35},"end":{"line":21,"column":2}},"line":19}},"f":{"0":16,"1":1}}
,"D:\\VC\\Тестовые задания\\mindmax-test-task\\src\\components\\buttons-panel\\ButtonsPanel.tsx": {"path":"D:\\VC\\Тестовые задания\\mindmax-test-task\\src\\components\\buttons-panel\\ButtonsPanel.tsx","all":false,"statementMap":{"0":{"start":{"line":1,"column":0},"end":{"line":1,"column":40}},"1":{"start":{"line":2,"column":0},"end":{"line":2,"column":41}},"2":{"start":{"line":3,"column":0},"end":{"line":3,"column":0}},"3":{"start":{"line":4,"column":0},"end":{"line":4,"column":26}},"4":{"start":{"line":5,"column":0},"end":{"line":5,"column":36}},"5":{"start":{"line":6,"column":0},"end":{"line":6,"column":17}},"6":{"start":{"line":7,"column":0},"end":{"line":7,"column":25}},"7":{"start":{"line":8,"column":0},"end":{"line":8,"column":81}},"8":{"start":{"line":9,"column":0},"end":{"line":9,"column":1}},"9":{"start":{"line":10,"column":0},"end":{"line":10,"column":0}},"10":{"start":{"line":11,"column":0},"end":{"line":11,"column":52}},"11":{"start":{"line":12,"column":0},"end":{"line":12,"column":28}},"12":{"start":{"line":13,"column":0},"end":{"line":13,"column":12}},"13":{"start":{"line":14,"column":0},"end":{"line":14,"column":9}},"14":{"start":{"line":15,"column":0},"end":{"line":15,"column":16}},"15":{"start":{"line":16,"column":0},"end":{"line":16,"column":18}},"16":{"start":{"line":17,"column":0},"end":{"line":17,"column":10}},"17":{"start":{"line":18,"column":0},"end":{"line":18,"column":39}},"18":{"start":{"line":19,"column":0},"end":{"line":19,"column":67}},"19":{"start":{"line":20,"column":0},"end":{"line":20,"column":13}},"20":{"start":{"line":21,"column":0},"end":{"line":21,"column":22}},"21":{"start":{"line":22,"column":0},"end":{"line":22,"column":116}},"22":{"start":{"line":23,"column":0},"end":{"line":23,"column":16}},"23":{"start":{"line":24,"column":0},"end":{"line":24,"column":21}},"24":{"start":{"line":25,"column":0},"end":{"line":25,"column":40}},"25":{"start":{"line":26,"column":0},"end":{"line":26,"column":7}},"26":{"start":{"line":27,"column":0},"end":{"line":27,"column":11}},"27":{"start":{"line":28,"column":0},"end":{"line":28,"column":15}},"28":{"start":{"line":29,"column":0},"end":{"line":29,"column":13}},"29":{"start":{"line":30,"column":0},"end":{"line":30,"column":119}},"30":{"start":{"line":31,"column":0},"end":{"line":31,"column":19}},"31":{"start":{"line":32,"column":0},"end":{"line":32,"column":21}},"32":{"start":{"line":33,"column":0},"end":{"line":33,"column":25}},"33":{"start":{"line":34,"column":0},"end":{"line":34,"column":43}},"34":{"start":{"line":35,"column":0},"end":{"line":35,"column":7}},"35":{"start":{"line":36,"column":0},"end":{"line":36,"column":14}},"36":{"start":{"line":37,"column":0},"end":{"line":37,"column":15}},"37":{"start":{"line":38,"column":0},"end":{"line":38,"column":13}},"38":{"start":{"line":39,"column":0},"end":{"line":39,"column":122}},"39":{"start":{"line":40,"column":0},"end":{"line":40,"column":22}},"40":{"start":{"line":41,"column":0},"end":{"line":41,"column":21}},"41":{"start":{"line":42,"column":0},"end":{"line":42,"column":28}},"42":{"start":{"line":43,"column":0},"end":{"line":43,"column":46}},"43":{"start":{"line":44,"column":0},"end":{"line":44,"column":7}},"44":{"start":{"line":45,"column":0},"end":{"line":45,"column":17}},"45":{"start":{"line":46,"column":0},"end":{"line":46,"column":15}},"46":{"start":{"line":47,"column":0},"end":{"line":47,"column":13}},"47":{"start":{"line":48,"column":0},"end":{"line":48,"column":18}},"48":{"start":{"line":49,"column":0},"end":{"line":49,"column":24}},"49":{"start":{"line":50,"column":0},"end":{"line":50,"column":21}},"50":{"start":{"line":51,"column":0},"end":{"line":51,"column":52}},"51":{"start":{"line":52,"column":0},"end":{"line":52,"column":43}},"52":{"start":{"line":53,"column":0},"end":{"line":53,"column":7}},"53":{"start":{"line":54,"column":0},"end":{"line":54,"column":23}},"54":{"start":{"line":55,"column":0},"end":{"line":55,"column":15}},"55":{"start":{"line":56,"column":0},"end":{"line":56,"column":10}},"56":{"start":{"line":57,"column":0},"end":{"line":57,"column":4}},"57":{"start":{"line":58,"column":0},"end":{"line":58,"column":1}},"58":{"start":{"line":59,"column":0},"end":{"line":59,"column":0}},"59":{"start":{"line":60,"column":0},"end":{"line":60,"column":28}}},"s":{"0":1,"1":1,"2":1,"3":1,"4":1,"5":1,"6":1,"7":1,"8":1,"9":1,"10":1,"11":22,"12":22,"13":22,"14":22,"15":22,"16":22,"17":22,"18":22,"19":22,"20":22,"21":22,"22":22,"23":22,"24":22,"25":22,"26":22,"27":22,"28":22,"29":22,"30":22,"31":22,"32":22,"33":22,"34":22,"35":22,"36":22,"37":22,"38":22,"39":22,"40":22,"41":22,"42":22,"43":22,"44":22,"45":22,"46":22,"47":22,"48":22,"49":22,"50":22,"51":22,"52":22,"53":22,"54":22,"55":22,"56":22,"57":22,"58":1,"59":1},"branchMap":{"0":{"type":"branch","line":11,"loc":{"start":{"line":11,"column":50},"end":{"line":58,"column":1}},"locations":[{"start":{"line":11,"column":50},"end":{"line":58,"column":1}}]},"1":{"type":"branch","line":22,"loc":{"start":{"line":22,"column":72},"end":{"line":22,"column":108}},"locations":[{"start":{"line":22,"column":72},"end":{"line":22,"column":108}}]},"2":{"type":"branch","line":22,"loc":{"start":{"line":22,"column":109},"end":{"line":22,"column":113}},"locations":[{"start":{"line":22,"column":109},"end":{"line":22,"column":113}}]},"3":{"type":"branch","line":30,"loc":{"start":{"line":30,"column":75},"end":{"line":30,"column":111}},"locations":[{"start":{"line":30,"column":75},"end":{"line":30,"column":111}}]},"4":{"type":"branch","line":30,"loc":{"start":{"line":30,"column":112},"end":{"line":30,"column":116}},"locations":[{"start":{"line":30,"column":112},"end":{"line":30,"column":116}}]},"5":{"type":"branch","line":39,"loc":{"start":{"line":39,"column":78},"end":{"line":39,"column":114}},"locations":[{"start":{"line":39,"column":78},"end":{"line":39,"column":114}}]},"6":{"type":"branch","line":39,"loc":{"start":{"line":39,"column":115},"end":{"line":39,"column":119}},"locations":[{"start":{"line":39,"column":115},"end":{"line":39,"column":119}}]},"7":{"type":"branch","line":25,"loc":{"start":{"line":25,"column":17},"end":{"line":25,"column":32}},"locations":[{"start":{"line":25,"column":17},"end":{"line":25,"column":32}}]},"8":{"type":"branch","line":34,"loc":{"start":{"line":34,"column":17},"end":{"line":34,"column":32}},"locations":[{"start":{"line":34,"column":17},"end":{"line":34,"column":32}}]},"9":{"type":"branch","line":43,"loc":{"start":{"line":43,"column":17},"end":{"line":43,"column":32}},"locations":[{"start":{"line":43,"column":17},"end":{"line":43,"column":32}}]}},"b":{"0":[22],"1":[19],"2":[3],"3":[2],"4":[20],"5":[1],"6":[21],"7":[2],"8":[2],"9":[2]},"fnMap":{"0":{"name":"ButtonsPanel","decl":{"start":{"line":11,"column":50},"end":{"line":58,"column":1}},"loc":{"start":{"line":11,"column":50},"end":{"line":58,"column":1}},"line":11},"1":{"name":"onClick","decl":{"start":{"line":25,"column":17},"end":{"line":25,"column":32}},"loc":{"start":{"line":25,"column":17},"end":{"line":25,"column":32}},"line":25},"2":{"name":"onClick","decl":{"start":{"line":34,"column":17},"end":{"line":34,"column":32}},"loc":{"start":{"line":34,"column":17},"end":{"line":34,"column":32}},"line":34},"3":{"name":"onClick","decl":{"start":{"line":43,"column":17},"end":{"line":43,"column":32}},"loc":{"start":{"line":43,"column":17},"end":{"line":43,"column":32}},"line":43}},"f":{"0":22,"1":2,"2":2,"3":2}}
,"D:\\VC\\Тестовые задания\\mindmax-test-task\\src\\components\\form-todo\\FormTodo.tsx": {"path":"D:\\VC\\Тестовые задания\\mindmax-test-task\\src\\components\\form-todo\\FormTodo.tsx","all":false,"statementMap":{"0":{"start":{"line":1,"column":0},"end":{"line":1,"column":68}},"1":{"start":{"line":2,"column":0},"end":{"line":2,"column":42}},"2":{"start":{"line":3,"column":0},"end":{"line":3,"column":38}},"3":{"start":{"line":4,"column":0},"end":{"line":4,"column":41}},"4":{"start":{"line":5,"column":0},"end":{"line":5,"column":35}},"5":{"start":{"line":6,"column":0},"end":{"line":6,"column":0}},"6":{"start":{"line":7,"column":0},"end":{"line":7,"column":17}},"7":{"start":{"line":8,"column":0},"end":{"line":8,"column":15}},"8":{"start":{"line":9,"column":0},"end":{"line":9,"column":1}},"9":{"start":{"line":10,"column":0},"end":{"line":10,"column":0}},"10":{"start":{"line":11,"column":0},"end":{"line":11,"column":22}},"11":{"start":{"line":12,"column":0},"end":{"line":12,"column":56}},"12":{"start":{"line":13,"column":0},"end":{"line":13,"column":1}},"13":{"start":{"line":14,"column":0},"end":{"line":14,"column":0}},"14":{"start":{"line":15,"column":0},"end":{"line":15,"column":70}},"15":{"start":{"line":16,"column":0},"end":{"line":16,"column":65}},"16":{"start":{"line":17,"column":0},"end":{"line":17,"column":12}},"17":{"start":{"line":18,"column":0},"end":{"line":18,"column":5}},"18":{"start":{"line":19,"column":0},"end":{"line":19,"column":0}},"19":{"start":{"line":20,"column":0},"end":{"line":20,"column":47}},"20":{"start":{"line":21,"column":0},"end":{"line":21,"column":23}},"21":{"start":{"line":22,"column":0},"end":{"line":22,"column":44}},"22":{"start":{"line":23,"column":0},"end":{"line":23,"column":21}},"23":{"start":{"line":24,"column":0},"end":{"line":24,"column":28}},"24":{"start":{"line":25,"column":0},"end":{"line":25,"column":22}},"25":{"start":{"line":26,"column":0},"end":{"line":26,"column":8}},"26":{"start":{"line":27,"column":0},"end":{"line":27,"column":15}},"27":{"start":{"line":28,"column":0},"end":{"line":28,"column":15}},"28":{"start":{"line":29,"column":0},"end":{"line":29,"column":6}},"29":{"start":{"line":30,"column":0},"end":{"line":30,"column":4}},"30":{"start":{"line":31,"column":0},"end":{"line":31,"column":0}},"31":{"start":{"line":32,"column":0},"end":{"line":32,"column":49}},"32":{"start":{"line":33,"column":0},"end":{"line":33,"column":32}},"33":{"start":{"line":34,"column":0},"end":{"line":34,"column":35}},"34":{"start":{"line":35,"column":0},"end":{"line":35,"column":46}},"35":{"start":{"line":36,"column":0},"end":{"line":36,"column":23}},"36":{"start":{"line":37,"column":0},"end":{"line":37,"column":30}},"37":{"start":{"line":38,"column":0},"end":{"line":38,"column":24}},"38":{"start":{"line":39,"column":0},"end":{"line":39,"column":10}},"39":{"start":{"line":40,"column":0},"end":{"line":40,"column":19}},"40":{"start":{"line":41,"column":0},"end":{"line":41,"column":17}},"41":{"start":{"line":42,"column":0},"end":{"line":42,"column":8}},"42":{"start":{"line":43,"column":0},"end":{"line":43,"column":5}},"43":{"start":{"line":44,"column":0},"end":{"line":44,"column":3}},"44":{"start":{"line":45,"column":0},"end":{"line":45,"column":0}},"45":{"start":{"line":46,"column":0},"end":{"line":46,"column":19}},"46":{"start":{"line":47,"column":0},"end":{"line":47,"column":54}},"47":{"start":{"line":48,"column":0},"end":{"line":48,"column":0}},"48":{"start":{"line":49,"column":0},"end":{"line":49,"column":70}},"49":{"start":{"line":50,"column":0},"end":{"line":50,"column":9}},"50":{"start":{"line":51,"column":0},"end":{"line":51,"column":0}},"51":{"start":{"line":52,"column":0},"end":{"line":52,"column":10}},"52":{"start":{"line":53,"column":0},"end":{"line":53,"column":56}},"53":{"start":{"line":54,"column":0},"end":{"line":54,"column":13}},"54":{"start":{"line":55,"column":0},"end":{"line":55,"column":36}},"55":{"start":{"line":56,"column":0},"end":{"line":56,"column":38}},"56":{"start":{"line":57,"column":0},"end":{"line":57,"column":19}},"57":{"start":{"line":58,"column":0},"end":{"line":58,"column":19}},"58":{"start":{"line":59,"column":0},"end":{"line":59,"column":27}},"59":{"start":{"line":60,"column":0},"end":{"line":60,"column":31}},"60":{"start":{"line":61,"column":0},"end":{"line":61,"column":8}},"61":{"start":{"line":62,"column":0},"end":{"line":62,"column":6}},"62":{"start":{"line":63,"column":0},"end":{"line":63,"column":110}},"63":{"start":{"line":64,"column":0},"end":{"line":64,"column":11}},"64":{"start":{"line":65,"column":0},"end":{"line":65,"column":15}},"65":{"start":{"line":66,"column":0},"end":{"line":66,"column":11}},"66":{"start":{"line":67,"column":0},"end":{"line":67,"column":3}},"67":{"start":{"line":68,"column":0},"end":{"line":68,"column":1}},"68":{"start":{"line":69,"column":0},"end":{"line":69,"column":0}},"69":{"start":{"line":70,"column":0},"end":{"line":70,"column":24}}},"s":{"0":1,"1":1,"2":1,"3":1,"4":1,"5":1,"6":1,"7":1,"8":1,"9":1,"10":1,"11":1,"12":1,"13":1,"14":1,"15":31,"16":31,"17":31,"18":31,"19":31,"20":6,"21":6,"22":6,"23":6,"24":6,"25":6,"26":6,"27":6,"28":6,"29":31,"30":31,"31":31,"32":1,"33":1,"34":1,"35":1,"36":1,"37":1,"38":1,"39":1,"40":1,"41":1,"42":1,"43":1,"44":31,"45":31,"46":9,"47":9,"48":9,"49":31,"50":31,"51":31,"52":31,"53":31,"54":31,"55":31,"56":31,"57":31,"58":31,"59":31,"60":31,"61":31,"62":31,"63":31,"64":31,"65":31,"66":31,"67":31,"68":1,"69":1},"branchMap":{"0":{"type":"branch","line":15,"loc":{"start":{"line":15,"column":42},"end":{"line":68,"column":1}},"locations":[{"start":{"line":15,"column":42},"end":{"line":68,"column":1}}]},"1":{"type":"branch","line":20,"loc":{"start":{"line":20,"column":23},"end":{"line":30,"column":3}},"locations":[{"start":{"line":20,"column":23},"end":{"line":30,"column":3}}]},"2":{"type":"branch","line":22,"loc":{"start":{"line":22,"column":13},"end":{"line":22,"column":32}},"locations":[{"start":{"line":22,"column":13},"end":{"line":22,"column":32}}]},"3":{"type":"branch","line":32,"loc":{"start":{"line":32,"column":22},"end":{"line":44,"column":3}},"locations":[{"start":{"line":32,"column":22},"end":{"line":44,"column":3}}]},"4":{"type":"branch","line":35,"loc":{"start":{"line":35,"column":15},"end":{"line":35,"column":34}},"locations":[{"start":{"line":35,"column":15},"end":{"line":35,"column":34}}]},"5":{"type":"branch","line":46,"loc":{"start":{"line":46,"column":12},"end":{"line":50,"column":3}},"locations":[{"start":{"line":46,"column":12},"end":{"line":50,"column":3}}]},"6":{"type":"branch","line":49,"loc":{"start":{"line":49,"column":11},"end":{"line":49,"column":25}},"locations":[{"start":{"line":49,"column":11},"end":{"line":49,"column":25}}]}},"b":{"0":[31],"1":[6],"2":[6],"3":[1],"4":[1],"5":[9],"6":[9]},"fnMap":{"0":{"name":"FormTodo","decl":{"start":{"line":15,"column":42},"end":{"line":68,"column":1}},"loc":{"start":{"line":15,"column":42},"end":{"line":68,"column":1}},"line":15},"1":{"name":"handleSubmit","decl":{"start":{"line":20,"column":23},"end":{"line":30,"column":3}},"loc":{"start":{"line":20,"column":23},"end":{"line":30,"column":3}},"line":20},"2":{"name":"handleEnter","decl":{"start":{"line":32,"column":22},"end":{"line":44,"column":3}},"loc":{"start":{"line":32,"column":22},"end":{"line":44,"column":3}},"line":32}},"f":{"0":31,"1":6,"2":1}}
,"D:\\VC\\Тестовые задания\\mindmax-test-task\\src\\components\\item-todo\\ItemTodo.tsx": {"path":"D:\\VC\\Тестовые задания\\mindmax-test-task\\src\\components\\item-todo\\ItemTodo.tsx","all":false,"statementMap":{"0":{"start":{"line":1,"column":0},"end":{"line":1,"column":40}},"1":{"start":{"line":2,"column":0},"end":{"line":2,"column":33}},"2":{"start":{"line":3,"column":0},"end":{"line":3,"column":38}},"3":{"start":{"line":4,"column":0},"end":{"line":4,"column":38}},"4":{"start":{"line":5,"column":0},"end":{"line":5,"column":0}},"5":{"start":{"line":6,"column":0},"end":{"line":6,"column":22}},"6":{"start":{"line":7,"column":0},"end":{"line":7,"column":13}},"7":{"start":{"line":8,"column":0},"end":{"line":8,"column":31}},"8":{"start":{"line":9,"column":0},"end":{"line":9,"column":1}},"9":{"start":{"line":10,"column":0},"end":{"line":10,"column":0}},"10":{"start":{"line":11,"column":0},"end":{"line":11,"column":44}},"11":{"start":{"line":12,"column":0},"end":{"line":12,"column":7}},"12":{"start":{"line":13,"column":0},"end":{"line":13,"column":12}},"13":{"start":{"line":14,"column":0},"end":{"line":14,"column":18}},"14":{"start":{"line":15,"column":0},"end":{"line":15,"column":10}},"15":{"start":{"line":16,"column":0},"end":{"line":16,"column":50}},"16":{"start":{"line":17,"column":0},"end":{"line":17,"column":37}},"17":{"start":{"line":18,"column":0},"end":{"line":18,"column":38}},"18":{"start":{"line":19,"column":0},"end":{"line":19,"column":126}},"19":{"start":{"line":20,"column":0},"end":{"line":20,"column":50}},"20":{"start":{"line":21,"column":0},"end":{"line":21,"column":57}},"21":{"start":{"line":22,"column":0},"end":{"line":22,"column":16}},"22":{"start":{"line":23,"column":0},"end":{"line":23,"column":56}},"23":{"start":{"line":24,"column":0},"end":{"line":24,"column":27}},"24":{"start":{"line":25,"column":0},"end":{"line":25,"column":18}},"25":{"start":{"line":26,"column":0},"end":{"line":26,"column":16}},"26":{"start":{"line":27,"column":0},"end":{"line":27,"column":9}},"27":{"start":{"line":28,"column":0},"end":{"line":28,"column":3}},"28":{"start":{"line":29,"column":0},"end":{"line":29,"column":2}},"29":{"start":{"line":30,"column":0},"end":{"line":30,"column":0}},"30":{"start":{"line":31,"column":0},"end":{"line":31,"column":24}}},"s":{"0":1,"1":1,"2":1,"3":1,"4":1,"5":1,"6":1,"7":1,"8":1,"9":1,"10":1,"11":24,"12":24,"13":24,"14":24,"15":24,"16":24,"17":24,"18":24,"19":24,"20":24,"21":24,"22":24,"23":24,"24":24,"25":24,"26":24,"27":24,"28":24,"29":1,"30":1},"branchMap":{"0":{"type":"branch","line":11,"loc":{"start":{"line":11,"column":42},"end":{"line":29,"column":2}},"locations":[{"start":{"line":11,"column":42},"end":{"line":29,"column":2}}]},"1":{"type":"branch","line":20,"loc":{"start":{"line":20,"column":22},"end":{"line":20,"column":38}},"locations":[{"start":{"line":20,"column":22},"end":{"line":20,"column":38}}]}},"b":{"0":[24],"1":[5]},"fnMap":{"0":{"name":"ItemTodo","decl":{"start":{"line":11,"column":42},"end":{"line":29,"column":2}},"loc":{"start":{"line":11,"column":42},"end":{"line":29,"column":2}},"line":11},"1":{"name":"onChange","decl":{"start":{"line":20,"column":22},"end":{"line":20,"column":38}},"loc":{"start":{"line":20,"column":22},"end":{"line":20,"column":38}},"line":20}},"f":{"0":24,"1":5}}
,"D:\\VC\\Тестовые задания\\mindmax-test-task\\src\\components\\list-todo\\ListTodo.tsx": {"path":"D:\\VC\\Тестовые задания\\mindmax-test-task\\src\\components\\list-todo\\ListTodo.tsx","all":false,"statementMap":{"0":{"start":{"line":1,"column":0},"end":{"line":1,"column":26}},"1":{"start":{"line":2,"column":0},"end":{"line":2,"column":35}},"2":{"start":{"line":3,"column":0},"end":{"line":3,"column":45}},"3":{"start":{"line":4,"column":0},"end":{"line":4,"column":0}},"4":{"start":{"line":5,"column":0},"end":{"line":5,"column":22}},"5":{"start":{"line":6,"column":0},"end":{"line":6,"column":15}},"6":{"start":{"line":7,"column":0},"end":{"line":7,"column":56}},"7":{"start":{"line":8,"column":0},"end":{"line":8,"column":1}},"8":{"start":{"line":9,"column":0},"end":{"line":9,"column":0}},"9":{"start":{"line":10,"column":0},"end":{"line":10,"column":68}},"10":{"start":{"line":11,"column":0},"end":{"line":11,"column":38}},"11":{"start":{"line":12,"column":0},"end":{"line":12,"column":22}},"12":{"start":{"line":13,"column":0},"end":{"line":13,"column":91}},"13":{"start":{"line":14,"column":0},"end":{"line":14,"column":6}},"14":{"start":{"line":15,"column":0},"end":{"line":15,"column":4}},"15":{"start":{"line":16,"column":0},"end":{"line":16,"column":0}},"16":{"start":{"line":17,"column":0},"end":{"line":17,"column":10}},"17":{"start":{"line":18,"column":0},"end":{"line":18,"column":31}},"18":{"start":{"line":19,"column":0},"end":{"line":19,"column":28}},"19":{"start":{"line":20,"column":0},"end":{"line":20,"column":56}},"20":{"start":{"line":21,"column":0},"end":{"line":21,"column":9}},"21":{"start":{"line":22,"column":0},"end":{"line":22,"column":9}},"22":{"start":{"line":23,"column":0},"end":{"line":23,"column":3}},"23":{"start":{"line":24,"column":0},"end":{"line":24,"column":1}},"24":{"start":{"line":25,"column":0},"end":{"line":25,"column":0}},"25":{"start":{"line":26,"column":0},"end":{"line":26,"column":24}}},"s":{"0":1,"1":1,"2":1,"3":1,"4":1,"5":1,"6":1,"7":1,"8":1,"9":1,"10":18,"11":2,"12":2,"13":2,"14":18,"15":18,"16":18,"17":18,"18":18,"19":18,"20":18,"21":18,"22":18,"23":18,"24":1,"25":1},"branchMap":{"0":{"type":"branch","line":10,"loc":{"start":{"line":10,"column":42},"end":{"line":24,"column":1}},"locations":[{"start":{"line":10,"column":42},"end":{"line":24,"column":1}}]},"1":{"type":"branch","line":11,"loc":{"start":{"line":11,"column":21},"end":{"line":15,"column":3}},"locations":[{"start":{"line":11,"column":21},"end":{"line":15,"column":3}}]},"2":{"type":"branch","line":12,"loc":{"start":{"line":12,"column":13},"end":{"line":13,"column":10}},"locations":[{"start":{"line":12,"column":13},"end":{"line":13,"column":10}}]},"3":{"type":"branch","line":13,"loc":{"start":{"line":13,"column":15},"end":{"line":13,"column":26}},"locations":[{"start":{"line":13,"column":15},"end":{"line":13,"column":26}}]},"4":{"type":"branch","line":13,"loc":{"start":{"line":13,"column":41},"end":{"line":13,"column":83}},"locations":[{"start":{"line":13,"column":41},"end":{"line":13,"column":83}}]},"5":{"type":"branch","line":13,"loc":{"start":{"line":13,"column":83},"end":{"line":13,"column":89}},"locations":[{"start":{"line":13,"column":83},"end":{"line":13,"column":89}}]},"6":{"type":"branch","line":19,"loc":{"start":{"line":19,"column":17},"end":{"line":19,"column":28}},"locations":[{"start":{"line":19,"column":17},"end":{"line":19,"column":28}}]}},"b":{"0":[18],"1":[2],"2":[2],"3":[4],"4":[2],"5":[2],"6":[18]},"fnMap":{"0":{"name":"ListTodo","decl":{"start":{"line":10,"column":42},"end":{"line":24,"column":1}},"loc":{"start":{"line":10,"column":42},"end":{"line":24,"column":1}},"line":10},"1":{"name":"toggleTask","decl":{"start":{"line":11,"column":21},"end":{"line":15,"column":3}},"loc":{"start":{"line":11,"column":21},"end":{"line":15,"column":3}},"line":11}},"f":{"0":18,"1":2}}
,"D:\\VC\\Тестовые задания\\mindmax-test-task\\src\\components\\ui\\button\\Button.tsx": {"path":"D:\\VC\\Тестовые задания\\mindmax-test-task\\src\\components\\ui\\button\\Button.tsx","all":false,"statementMap":{"0":{"start":{"line":1,"column":0},"end":{"line":1,"column":76}},"1":{"start":{"line":2,"column":0},"end":{"line":2,"column":0}},"2":{"start":{"line":3,"column":0},"end":{"line":3,"column":20}},"3":{"start":{"line":4,"column":0},"end":{"line":4,"column":21}},"4":{"start":{"line":5,"column":0},"end":{"line":5,"column":18}},"5":{"start":{"line":6,"column":0},"end":{"line":6,"column":13}},"6":{"start":{"line":7,"column":0},"end":{"line":7,"column":28}},"7":{"start":{"line":8,"column":0},"end":{"line":8,"column":21}},"8":{"start":{"line":9,"column":0},"end":{"line":9,"column":36}},"9":{"start":{"line":10,"column":0},"end":{"line":10,"column":1}},"10":{"start":{"line":11,"column":0},"end":{"line":11,"column":0}},"11":{"start":{"line":12,"column":0},"end":{"line":12,"column":59}},"12":{"start":{"line":13,"column":0},"end":{"line":13,"column":12}},"13":{"start":{"line":14,"column":0},"end":{"line":14,"column":9}},"14":{"start":{"line":15,"column":0},"end":{"line":15,"column":5}},"15":{"start":{"line":16,"column":0},"end":{"line":16,"column":7}},"16":{"start":{"line":17,"column":0},"end":{"line":17,"column":10}},"17":{"start":{"line":18,"column":0},"end":{"line":18,"column":11}},"18":{"start":{"line":19,"column":0},"end":{"line":19,"column":10}},"19":{"start":{"line":20,"column":0},"end":{"line":20,"column":18}},"20":{"start":{"line":21,"column":0},"end":{"line":21,"column":10}},"21":{"start":{"line":22,"column":0},"end":{"line":22,"column":109}},"22":{"start":{"line":23,"column":0},"end":{"line":23,"column":12}},"23":{"start":{"line":24,"column":0},"end":{"line":24,"column":9}},"24":{"start":{"line":25,"column":0},"end":{"line":25,"column":2}},"25":{"start":{"line":26,"column":0},"end":{"line":26,"column":0}},"26":{"start":{"line":27,"column":0},"end":{"line":27,"column":21}}},"s":{"0":1,"1":1,"2":1,"3":1,"4":1,"5":1,"6":1,"7":1,"8":1,"9":1,"10":1,"11":1,"12":119,"13":119,"14":119,"15":119,"16":119,"17":119,"18":119,"19":119,"20":119,"21":119,"22":119,"23":119,"24":119,"25":1,"26":1},"branchMap":{"0":{"type":"branch","line":12,"loc":{"start":{"line":12,"column":57},"end":{"line":25,"column":2}},"locations":[{"start":{"line":12,"column":57},"end":{"line":25,"column":2}}]},"1":{"type":"branch","line":22,"loc":{"start":{"line":22,"column":51},"end":{"line":22,"column":57}},"locations":[{"start":{"line":22,"column":51},"end":{"line":22,"column":57}}]}},"b":{"0":[119],"1":[0]},"fnMap":{"0":{"name":"Button","decl":{"start":{"line":12,"column":57},"end":{"line":25,"column":2}},"loc":{"start":{"line":12,"column":57},"end":{"line":25,"column":2}},"line":12}},"f":{"0":119}}
,"D:\\VC\\Тестовые задания\\mindmax-test-task\\src\\components\\ui\\input\\Input.tsx": {"path":"D:\\VC\\Тестовые задания\\mindmax-test-task\\src\\components\\ui\\input\\Input.tsx","all":false,"statementMap":{"0":{"start":{"line":1,"column":0},"end":{"line":1,"column":41}},"1":{"start":{"line":2,"column":0},"end":{"line":2,"column":0}},"2":{"start":{"line":3,"column":0},"end":{"line":3,"column":19}},"3":{"start":{"line":4,"column":0},"end":{"line":4,"column":28}},"4":{"start":{"line":5,"column":0},"end":{"line":5,"column":15}},"5":{"start":{"line":6,"column":0},"end":{"line":6,"column":21}},"6":{"start":{"line":7,"column":0},"end":{"line":7,"column":23}},"7":{"start":{"line":8,"column":0},"end":{"line":8,"column":17}},"8":{"start":{"line":9,"column":0},"end":{"line":9,"column":20}},"9":{"start":{"line":10,"column":0},"end":{"line":10,"column":55}},"10":{"start":{"line":11,"column":0},"end":{"line":11,"column":2}},"11":{"start":{"line":12,"column":0},"end":{"line":12,"column":0}},"12":{"start":{"line":13,"column":0},"end":{"line":13,"column":38}},"13":{"start":{"line":14,"column":0},"end":{"line":14,"column":7}},"14":{"start":{"line":15,"column":0},"end":{"line":15,"column":7}},"15":{"start":{"line":16,"column":0},"end":{"line":16,"column":12}},"16":{"start":{"line":17,"column":0},"end":{"line":17,"column":14}},"17":{"start":{"line":18,"column":0},"end":{"line":18,"column":8}},"18":{"start":{"line":19,"column":0},"end":{"line":19,"column":10}},"19":{"start":{"line":20,"column":0},"end":{"line":20,"column":10}},"20":{"start":{"line":21,"column":0},"end":{"line":21,"column":18}},"21":{"start":{"line":22,"column":0},"end":{"line":22,"column":8}},"22":{"start":{"line":23,"column":0},"end":{"line":23,"column":31}},"23":{"start":{"line":24,"column":0},"end":{"line":24,"column":35}},"24":{"start":{"line":25,"column":0},"end":{"line":25,"column":15}},"25":{"start":{"line":26,"column":0},"end":{"line":26,"column":15}},"26":{"start":{"line":27,"column":0},"end":{"line":27,"column":23}},"27":{"start":{"line":28,"column":0},"end":{"line":28,"column":30}},"28":{"start":{"line":29,"column":0},"end":{"line":29,"column":23}},"29":{"start":{"line":30,"column":0},"end":{"line":30,"column":4}},"30":{"start":{"line":31,"column":0},"end":{"line":31,"column":2}},"31":{"start":{"line":32,"column":0},"end":{"line":32,"column":0}},"32":{"start":{"line":33,"column":0},"end":{"line":33,"column":21}}},"s":{"0":1,"1":1,"2":1,"3":1,"4":1,"5":1,"6":1,"7":1,"8":1,"9":1,"10":1,"11":1,"12":1,"13":53,"14":53,"15":53,"16":53,"17":53,"18":53,"19":53,"20":53,"21":53,"22":53,"23":53,"24":53,"25":53,"26":53,"27":53,"28":53,"29":53,"30":53,"31":1,"32":1},"branchMap":{"0":{"type":"branch","line":13,"loc":{"start":{"line":13,"column":36},"end":{"line":31,"column":2}},"locations":[{"start":{"line":13,"column":36},"end":{"line":31,"column":2}}]},"1":{"type":"branch","line":23,"loc":{"start":{"line":23,"column":24},"end":{"line":23,"column":30}},"locations":[{"start":{"line":23,"column":24},"end":{"line":23,"column":30}}]},"2":{"type":"branch","line":24,"loc":{"start":{"line":24,"column":28},"end":{"line":24,"column":27}},"locations":[{"start":{"line":24,"column":28},"end":{"line":24,"column":27}}]},"3":{"type":"branch","line":24,"loc":{"start":{"line":24,"column":28},"end":{"line":24,"column":34}},"locations":[{"start":{"line":24,"column":28},"end":{"line":24,"column":34}}]},"4":{"type":"branch","line":27,"loc":{"start":{"line":27,"column":16},"end":{"line":27,"column":15}},"locations":[{"start":{"line":27,"column":16},"end":{"line":27,"column":15}}]},"5":{"type":"branch","line":27,"loc":{"start":{"line":27,"column":16},"end":{"line":27,"column":22}},"locations":[{"start":{"line":27,"column":16},"end":{"line":27,"column":22}}]},"6":{"type":"branch","line":28,"loc":{"start":{"line":28,"column":20},"end":{"line":28,"column":19}},"locations":[{"start":{"line":28,"column":20},"end":{"line":28,"column":19}}]},"7":{"type":"branch","line":28,"loc":{"start":{"line":28,"column":20},"end":{"line":28,"column":29}},"locations":[{"start":{"line":28,"column":20},"end":{"line":28,"column":29}}]}},"b":{"0":[53],"1":[0],"2":[31],"3":[22],"4":[31],"5":[22],"6":[22],"7":[31]},"fnMap":{"0":{"name":"Input","decl":{"start":{"line":13,"column":36},"end":{"line":31,"column":2}},"loc":{"start":{"line":13,"column":36},"end":{"line":31,"column":2}},"line":13}},"f":{"0":53}}
,"D:\\VC\\Тестовые задания\\mindmax-test-task\\src\\components\\ui\\title\\Title.tsx": {"path":"D:\\VC\\Тестовые задания\\mindmax-test-task\\src\\components\\ui\\title\\Title.tsx","all":false,"statementMap":{"0":{"start":{"line":1,"column":0},"end":{"line":1,"column":41}},"1":{"start":{"line":2,"column":0},"end":{"line":2,"column":0}},"2":{"start":{"line":3,"column":0},"end":{"line":3,"column":19}},"3":{"start":{"line":4,"column":0},"end":{"line":4,"column":22}},"4":{"start":{"line":5,"column":0},"end":{"line":5,"column":33}},"5":{"start":{"line":6,"column":0},"end":{"line":6,"column":21}},"6":{"start":{"line":7,"column":0},"end":{"line":7,"column":2}},"7":{"start":{"line":8,"column":0},"end":{"line":8,"column":0}},"8":{"start":{"line":9,"column":0},"end":{"line":9,"column":91}},"9":{"start":{"line":10,"column":0},"end":{"line":10,"column":57}},"10":{"start":{"line":11,"column":0},"end":{"line":11,"column":0}},"11":{"start":{"line":12,"column":0},"end":{"line":12,"column":10}},"12":{"start":{"line":13,"column":0},"end":{"line":13,"column":31}},"13":{"start":{"line":14,"column":0},"end":{"line":14,"column":16}},"14":{"start":{"line":15,"column":0},"end":{"line":15,"column":10}},"15":{"start":{"line":16,"column":0},"end":{"line":16,"column":3}},"16":{"start":{"line":17,"column":0},"end":{"line":17,"column":1}},"17":{"start":{"line":18,"column":0},"end":{"line":18,"column":0}},"18":{"start":{"line":19,"column":0},"end":{"line":19,"column":21}}},"s":{"0":1,"1":1,"2":1,"3":1,"4":1,"5":1,"6":1,"7":1,"8":1,"9":37,"10":37,"11":37,"12":37,"13":37,"14":37,"15":37,"16":37,"17":1,"18":1},"branchMap":{"0":{"type":"branch","line":9,"loc":{"start":{"line":9,"column":36},"end":{"line":17,"column":1}},"locations":[{"start":{"line":9,"column":36},"end":{"line":17,"column":1}}]},"1":{"type":"branch","line":9,"loc":{"start":{"line":9,"column":53},"end":{"line":9,"column":57}},"locations":[{"start":{"line":9,"column":53},"end":{"line":9,"column":57}}]},"2":{"type":"branch","line":9,"loc":{"start":{"line":9,"column":57},"end":{"line":9,"column":59}},"locations":[{"start":{"line":9,"column":57},"end":{"line":9,"column":59}}]},"3":{"type":"branch","line":9,"loc":{"start":{"line":9,"column":68},"end":{"line":9,"column":73}},"locations":[{"start":{"line":9,"column":68},"end":{"line":9,"column":73}}]}},"b":{"0":[37],"1":[15],"2":[22],"3":[0]},"fnMap":{"0":{"name":"Title","decl":{"start":{"line":9,"column":36},"end":{"line":17,"column":1}},"loc":{"start":{"line":9,"column":36},"end":{"line":17,"column":1}},"line":9}},"f":{"0":37}}
,"D:\\VC\\Тестовые задания\\mindmax-test-task\\src\\hooks\\useForm.ts": {"path":"D:\\VC\\Тестовые задания\\mindmax-test-task\\src\\hooks\\useForm.ts","all":false,"statementMap":{"0":{"start":{"line":1,"column":0},"end":{"line":1,"column":46}},"1":{"start":{"line":2,"column":0},"end":{"line":2,"column":0}},"2":{"start":{"line":3,"column":0},"end":{"line":3,"column":37}},"3":{"start":{"line":4,"column":0},"end":{"line":4,"column":52}},"4":{"start":{"line":5,"column":0},"end":{"line":5,"column":0}},"5":{"start":{"line":6,"column":0},"end":{"line":6,"column":66}},"6":{"start":{"line":7,"column":0},"end":{"line":7,"column":41}},"7":{"start":{"line":8,"column":0},"end":{"line":8,"column":44}},"8":{"start":{"line":9,"column":0},"end":{"line":9,"column":4}},"9":{"start":{"line":10,"column":0},"end":{"line":10,"column":45}},"10":{"start":{"line":11,"column":0},"end":{"line":11,"column":1}},"11":{"start":{"line":12,"column":0},"end":{"line":12,"column":0}},"12":{"start":{"line":13,"column":0},"end":{"line":13,"column":23}}},"s":{"0":1,"1":1,"2":35,"3":35,"4":35,"5":35,"6":11,"7":11,"8":35,"9":35,"10":35,"11":1,"12":1},"branchMap":{"0":{"type":"branch","line":3,"loc":{"start":{"line":3,"column":0},"end":{"line":11,"column":1}},"locations":[{"start":{"line":3,"column":0},"end":{"line":11,"column":1}}]},"1":{"type":"branch","line":6,"loc":{"start":{"line":6,"column":23},"end":{"line":9,"column":3}},"locations":[{"start":{"line":6,"column":23},"end":{"line":9,"column":3}}]}},"b":{"0":[35],"1":[11]},"fnMap":{"0":{"name":"useForm","decl":{"start":{"line":3,"column":0},"end":{"line":11,"column":1}},"loc":{"start":{"line":3,"column":0},"end":{"line":11,"column":1}},"line":3},"1":{"name":"handleChange","decl":{"start":{"line":6,"column":23},"end":{"line":9,"column":3}},"loc":{"start":{"line":6,"column":23},"end":{"line":9,"column":3}},"line":6}},"f":{"0":35,"1":11}}
}
