TN:
SF:src\components\app\App.tsx
FN:15,App
FN:19,handleClearComplitedTasks
FNF:2
FNH:2
FNDA:16,App
FNDA:1,handleClearComplitedTasks
DA:1,1
DA:2,1
DA:3,1
DA:4,1
DA:5,1
DA:6,1
DA:7,1
DA:8,1
DA:9,1
DA:10,1
DA:11,1
DA:12,1
DA:13,1
DA:14,1
DA:15,1
DA:16,16
DA:17,16
DA:18,16
DA:19,16
DA:20,1
DA:21,1
DA:22,16
DA:23,16
DA:24,18
DA:25,18
DA:26,14
DA:27,16
DA:28,16
DA:29,16
DA:30,16
DA:31,16
DA:32,16
DA:33,16
DA:34,16
DA:35,16
DA:36,16
DA:37,16
DA:38,16
DA:39,16
DA:40,1
DA:41,1
LF:41
LH:41
BRDA:15,0,0,16
BRDA:19,1,0,1
BRDA:20,2,0,1
BRDA:20,3,0,2
BRDA:23,4,0,18
BRDA:24,5,0,2
BRDA:25,6,0,16
BRDA:25,7,0,2
BRDA:26,8,0,14
BRF:9
BRH:9
end_of_record
TN:
SF:src\components\buttons-panel\ButtonsPanel.tsx
FN:11,ButtonsPanel
FN:25,onClick
FN:34,onClick
FN:43,onClick
FNF:4
FNH:4
FNDA:22,ButtonsPanel
FNDA:2,onClick
FNDA:2,onClick
FNDA:2,onClick
DA:1,1
DA:2,1
DA:3,1
DA:4,1
DA:5,1
DA:6,1
DA:7,1
DA:8,1
DA:9,1
DA:10,1
DA:11,1
DA:12,22
DA:13,22
DA:14,22
DA:15,22
DA:16,22
DA:17,22
DA:18,22
DA:19,22
DA:20,22
DA:21,22
DA:22,22
DA:23,22
DA:24,22
DA:25,22
DA:26,22
DA:27,22
DA:28,22
DA:29,22
DA:30,22
DA:31,22
DA:32,22
DA:33,22
DA:34,22
DA:35,22
DA:36,22
DA:37,22
DA:38,22
DA:39,22
DA:40,22
DA:41,22
DA:42,22
DA:43,22
DA:44,22
DA:45,22
DA:46,22
DA:47,22
DA:48,22
DA:49,22
DA:50,22
DA:51,22
DA:52,22
DA:53,22
DA:54,22
DA:55,22
DA:56,22
DA:57,22
DA:58,22
DA:59,1
DA:60,1
LF:60
LH:60
BRDA:11,0,0,22
BRDA:22,1,0,19
BRDA:22,2,0,3
BRDA:30,3,0,2
BRDA:30,4,0,20
BRDA:39,5,0,1
BRDA:39,6,0,21
BRDA:25,7,0,2
BRDA:34,8,0,2
BRDA:43,9,0,2
BRF:10
BRH:10
end_of_record
TN:
SF:src\components\form-todo\FormTodo.tsx
FN:15,FormTodo
FN:20,handleSubmit
FN:32,handleEnter
FNF:3
FNH:3
FNDA:31,FormTodo
FNDA:6,handleSubmit
FNDA:1,handleEnter
DA:1,1
DA:2,1
DA:3,1
DA:4,1
DA:5,1
DA:6,1
DA:7,1
DA:8,1
DA:9,1
DA:10,1
DA:11,1
DA:12,1
DA:13,1
DA:14,1
DA:15,1
DA:16,31
DA:17,31
DA:18,31
DA:19,31
DA:20,31
DA:21,6
DA:22,6
DA:23,6
DA:24,6
DA:25,6
DA:26,6
DA:27,6
DA:28,6
DA:29,6
DA:30,31
DA:31,31
DA:32,31
DA:33,1
DA:34,1
DA:35,1
DA:36,1
DA:37,1
DA:38,1
DA:39,1
DA:40,1
DA:41,1
DA:42,1
DA:43,1
DA:44,1
DA:45,31
DA:46,31
DA:47,9
DA:48,9
DA:49,9
DA:50,31
DA:51,31
DA:52,31
DA:53,31
DA:54,31
DA:55,31
DA:56,31
DA:57,31
DA:58,31
DA:59,31
DA:60,31
DA:61,31
DA:62,31
DA:63,31
DA:64,31
DA:65,31
DA:66,31
DA:67,31
DA:68,31
DA:69,1
DA:70,1
LF:70
LH:70
BRDA:15,0,0,31
BRDA:20,1,0,6
BRDA:22,2,0,6
BRDA:32,3,0,1
BRDA:35,4,0,1
BRDA:46,5,0,9
BRDA:49,6,0,9
BRF:7
BRH:7
end_of_record
TN:
SF:src\components\item-todo\ItemTodo.tsx
FN:11,ItemTodo
FN:20,onChange
FNF:2
FNH:2
FNDA:24,ItemTodo
FNDA:5,onChange
DA:1,1
DA:2,1
DA:3,1
DA:4,1
DA:5,1
DA:6,1
DA:7,1
DA:8,1
DA:9,1
DA:10,1
DA:11,1
DA:12,24
DA:13,24
DA:14,24
DA:15,24
DA:16,24
DA:17,24
DA:18,24
DA:19,24
DA:20,24
DA:21,24
DA:22,24
DA:23,24
DA:24,24
DA:25,24
DA:26,24
DA:27,24
DA:28,24
DA:29,24
DA:30,1
DA:31,1
LF:31
LH:31
BRDA:11,0,0,24
BRDA:20,1,0,5
BRF:2
BRH:2
end_of_record
TN:
SF:src\components\list-todo\ListTodo.tsx
FN:10,ListTodo
FN:11,toggleTask
FNF:2
FNH:2
FNDA:18,ListTodo
FNDA:2,toggleTask
DA:1,1
DA:2,1
DA:3,1
DA:4,1
DA:5,1
DA:6,1
DA:7,1
DA:8,1
DA:9,1
DA:10,1
DA:11,18
DA:12,2
DA:13,2
DA:14,2
DA:15,18
DA:16,18
DA:17,18
DA:18,18
DA:19,18
DA:20,18
DA:21,18
DA:22,18
DA:23,18
DA:24,18
DA:25,1
DA:26,1
LF:26
LH:26
BRDA:10,0,0,18
BRDA:11,1,0,2
BRDA:12,2,0,2
BRDA:13,3,0,4
BRDA:13,4,0,2
BRDA:13,5,0,2
BRDA:19,6,0,18
BRF:7
BRH:7
end_of_record
TN:
SF:src\components\ui\button\Button.tsx
FN:12,Button
FNF:1
FNH:1
FNDA:119,Button
DA:1,1
DA:2,1
DA:3,1
DA:4,1
DA:5,1
DA:6,1
DA:7,1
DA:8,1
DA:9,1
DA:10,1
DA:11,1
DA:12,1
DA:13,119
DA:14,119
DA:15,119
DA:16,119
DA:17,119
DA:18,119
DA:19,119
DA:20,119
DA:21,119
DA:22,119
DA:23,119
DA:24,119
DA:25,119
DA:26,1
DA:27,1
LF:27
LH:27
BRDA:12,0,0,119
BRDA:22,1,0,0
BRF:2
BRH:1
end_of_record
TN:
SF:src\components\ui\input\Input.tsx
FN:13,Input
FNF:1
FNH:1
FNDA:53,Input
DA:1,1
DA:2,1
DA:3,1
DA:4,1
DA:5,1
DA:6,1
DA:7,1
DA:8,1
DA:9,1
DA:10,1
DA:11,1
DA:12,1
DA:13,1
DA:14,53
DA:15,53
DA:16,53
DA:17,53
DA:18,53
DA:19,53
DA:20,53
DA:21,53
DA:22,53
DA:23,53
DA:24,53
DA:25,53
DA:26,53
DA:27,53
DA:28,53
DA:29,53
DA:30,53
DA:31,53
DA:32,1
DA:33,1
LF:33
LH:33
BRDA:13,0,0,53
BRDA:23,1,0,0
BRDA:24,2,0,31
BRDA:24,3,0,22
BRDA:27,4,0,31
BRDA:27,5,0,22
BRDA:28,6,0,22
BRDA:28,7,0,31
BRF:8
BRH:7
end_of_record
TN:
SF:src\components\ui\title\Title.tsx
FN:9,Title
FNF:1
FNH:1
FNDA:37,Title
DA:1,1
DA:2,1
DA:3,1
DA:4,1
DA:5,1
DA:6,1
DA:7,1
DA:8,1
DA:9,1
DA:10,37
DA:11,37
DA:12,37
DA:13,37
DA:14,37
DA:15,37
DA:16,37
DA:17,37
DA:18,1
DA:19,1
LF:19
LH:19
BRDA:9,0,0,37
BRDA:9,1,0,15
BRDA:9,2,0,22
BRDA:9,3,0,0
BRF:4
BRH:3
end_of_record
TN:
SF:src\hooks\useForm.ts
FN:3,useForm
FN:6,handleChange
FNF:2
FNH:2
FNDA:35,useForm
FNDA:11,handleChange
DA:1,1
DA:2,1
DA:3,35
DA:4,35
DA:5,35
DA:6,35
DA:7,11
DA:8,11
DA:9,35
DA:10,35
DA:11,35
DA:12,1
DA:13,1
LF:13
LH:13
BRDA:3,0,0,35
BRDA:6,1,0,11
BRF:2
BRH:2
end_of_record
